
Magic 8.3 revision 274 - Compiled on Fri Mar  4 22:54:15 UTC 2022.
Starting magic under Tcl interpreter
Using the terminal as the console.
Using NULL graphics device.
Processing system .magicrc file
Sourcing design .magicrc for technology sky130A ...
2 Magic internal units = 1 Lambda
Input style sky130(vendor): scaleFactor=2, multiplier=2
The following types are not handled by extraction and will be treated as non-electrical types:
    mvobsactive ubm 
Scaled tech values by 2 / 1 to match internal grid scaling
Loading sky130A Device Generator Menu ...
Loading "/home/hugodg/mpw_precheck/checks/drc_checks/magic/magic_drc_check.tcl" from command line.
Warning: Calma reading is not undoable!  I hope that's OK.
Library written using GDS-II Release 3.0
Library name: user_analog_project_wrapper
Reading "sky130_fd_pr__cap_mim_m3_2_8BWDGQ".
Reading "sky130_fd_pr__cap_mim_m3_2_4GE4YE".
Reading "l0_1".
Reading "impedance-transformer".
Reading "sky130_fd_pr__res_xhigh_po_0p35_CTQ8XN".
Reading "sky130_fd_pr__nfet_g5v0d10v5_PWYS4E".
Reading "sky130_fd_pr__cap_mim_m3_2_97K3D8".
Reading "l0_0".
Reading "ask-modulator".
Reading "user_analog_project_wrapper".
[INFO]: Loading user_analog_project_wrapper

DRC style is now "drc(full)"
Loading DRC CIF style.
[INFO]: COUNT: 14
[INFO]: Should be divided by 3 or 4
[INFO]: DRC Checking DONE (/home/hugodg/projects_sky130/mpw5_ask-modulator_impedance-transformer/precheck_results/12_MAR_2022___14_11_15/outputs/reports/magic_drc_check.drc.report)
[INFO]: Saving mag view with DRC errors(/home/hugodg/projects_sky130/mpw5_ask-modulator_impedance-transformer/precheck_results/12_MAR_2022___14_11_15/outputs/user_analog_project_wrapper.magic.drc.mag)
[INFO]: Saved
