/home/hugodg/projects_sky130/mpw5_ask-modulator_impedance-transformer/Makefile
/home/hugodg/projects_sky130/mpw5_ask-modulator_impedance-transformer/precheck_results/12_MAR_2022___14_11_15/logs/tools.info
/home/hugodg/projects_sky130/mpw5_ask-modulator_impedance-transformer/precheck_results/12_MAR_2022___14_11_15/logs/gds.info
/home/hugodg/projects_sky130/mpw5_ask-modulator_impedance-transformer/precheck_results/12_MAR_2022___14_11_15/logs/pdks.info
/home/hugodg/projects_sky130/mpw5_ask-modulator_impedance-transformer/mag/.magicrc
/home/hugodg/projects_sky130/mpw5_ask-modulator_impedance-transformer/mag/impedance-transformer/mag/l0.cif
/home/hugodg/projects_sky130/mpw5_ask-modulator_impedance-transformer/mag/impedance-transformer/mag/l1.cif
/home/hugodg/projects_sky130/mpw5_ask-modulator_impedance-transformer/mag/impedance-transformer/mag/sky130_fd_pr__cap_mim_m3_2_93FFAE.ext
/home/hugodg/projects_sky130/mpw5_ask-modulator_impedance-transformer/mag/impedance-transformer/mag/impedance-transformer.nodes
/home/hugodg/projects_sky130/mpw5_ask-modulator_impedance-transformer/mag/impedance-transformer/mag/sky130_fd_pr__cap_mim_m3_2_3YFQRG.ext
/home/hugodg/projects_sky130/mpw5_ask-modulator_impedance-transformer/mag/impedance-transformer/mag/impedance-transformer.sim
/home/hugodg/projects_sky130/mpw5_ask-modulator_impedance-transformer/mag/impedance-transformer/mag/impedance-transformer.res.ext
/home/hugodg/projects_sky130/mpw5_ask-modulator_impedance-transformer/mag/impedance-transformer/mag/sky130_fd_pr__cap_mim_m3_2_EJYTBJ.ext
/home/hugodg/projects_sky130/mpw5_ask-modulator_impedance-transformer/mag/impedance-transformer/mag/sky130_fd_pr__cap_mim_m3_2_4GE4YE.ext
/home/hugodg/projects_sky130/mpw5_ask-modulator_impedance-transformer/mag/impedance-transformer/mag/impedance-transformer.ext
/home/hugodg/projects_sky130/mpw5_ask-modulator_impedance-transformer/mag/impedance-transformer/mag/sky130_fd_pr__cap_mim_m3_2_8BWDGQ.ext
/home/hugodg/projects_sky130/mpw5_ask-modulator_impedance-transformer/mag/impedance-transformer/mag/sky130_fd_pr__cap_mim_m3_2_5MQ5FR.ext
/home/hugodg/projects_sky130/mpw5_ask-modulator_impedance-transformer/mag/ask-modulator/mag/sky130_fd_pr__cap_mim_m3_2_97K3D8.ext
/home/hugodg/projects_sky130/mpw5_ask-modulator_impedance-transformer/mag/ask-modulator/mag/sky130_fd_pr__nfet_g5v0d10v5_PWYS4E.ext
/home/hugodg/projects_sky130/mpw5_ask-modulator_impedance-transformer/mag/ask-modulator/mag/l0.cif
/home/hugodg/projects_sky130/mpw5_ask-modulator_impedance-transformer/mag/ask-modulator/mag/sky130_fd_pr__cap_mim_m3_2_9XH3MC.ext
/home/hugodg/projects_sky130/mpw5_ask-modulator_impedance-transformer/mag/ask-modulator/mag/sky130_fd_pr__cap_mim_m3_2_9Z93N8.ext
/home/hugodg/projects_sky130/mpw5_ask-modulator_impedance-transformer/mag/ask-modulator/mag/ask-modulator.ext
/home/hugodg/projects_sky130/mpw5_ask-modulator_impedance-transformer/mag/ask-modulator/mag/ask-modulator.sim
/home/hugodg/projects_sky130/mpw5_ask-modulator_impedance-transformer/mag/ask-modulator/mag/l0.ext
/home/hugodg/projects_sky130/mpw5_ask-modulator_impedance-transformer/mag/ask-modulator/mag/ask-modulator.res.ext
/home/hugodg/projects_sky130/mpw5_ask-modulator_impedance-transformer/mag/ask-modulator/mag/1.ext
/home/hugodg/projects_sky130/mpw5_ask-modulator_impedance-transformer/mag/ask-modulator/mag/sky130_fd_pr__cap_mim_m3_2_97T35S.ext
/home/hugodg/projects_sky130/mpw5_ask-modulator_impedance-transformer/mag/ask-modulator/mag/ask-modulator.nodes
/home/hugodg/projects_sky130/mpw5_ask-modulator_impedance-transformer/mag/ask-modulator/mag/check_density.tcl
/home/hugodg/projects_sky130/mpw5_ask-modulator_impedance-transformer/mag/ask-modulator/mag/sky130_fd_pr__res_xhigh_po_0p35_CTQ8XN.ext
/home/hugodg/projects_sky130/mpw5_ask-modulator_impedance-transformer/xschem/analog_wrapper_tb.sch
/home/hugodg/projects_sky130/mpw5_ask-modulator_impedance-transformer/xschem/example_por_tb.sch
/home/hugodg/projects_sky130/mpw5_ask-modulator_impedance-transformer/xschem/example_por.sym
/home/hugodg/projects_sky130/mpw5_ask-modulator_impedance-transformer/xschem/example_por.sch
/home/hugodg/projects_sky130/mpw5_ask-modulator_impedance-transformer/xschem/test.data
/home/hugodg/projects_sky130/mpw5_ask-modulator_impedance-transformer/xschem/user_analog_project_wrapper.sym
/home/hugodg/projects_sky130/mpw5_ask-modulator_impedance-transformer/xschem/example_por_tb.spice.orig
/home/hugodg/projects_sky130/mpw5_ask-modulator_impedance-transformer/xschem/xschemrc
/home/hugodg/projects_sky130/mpw5_ask-modulator_impedance-transformer/xschem/.spiceinit
/home/hugodg/projects_sky130/mpw5_ask-modulator_impedance-transformer/xschem/user_analog_project_wrapper.sch
/home/hugodg/projects_sky130/mpw5_ask-modulator_impedance-transformer/verilog/rtl/uprj_analog_netlists.v
/home/hugodg/projects_sky130/mpw5_ask-modulator_impedance-transformer/verilog/rtl/user_analog_project_wrapper.v
/home/hugodg/projects_sky130/mpw5_ask-modulator_impedance-transformer/verilog/rtl/user_analog_proj_example.v
/home/hugodg/projects_sky130/mpw5_ask-modulator_impedance-transformer/verilog/rtl/example_por.v
/home/hugodg/projects_sky130/mpw5_ask-modulator_impedance-transformer/verilog/dv/Makefile
/home/hugodg/projects_sky130/mpw5_ask-modulator_impedance-transformer/verilog/dv/mprj_por/Makefile
/home/hugodg/projects_sky130/mpw5_ask-modulator_impedance-transformer/verilog/dv/mprj_por/mprj_por.c
/home/hugodg/projects_sky130/mpw5_ask-modulator_impedance-transformer/verilog/dv/mprj_por/mprj_por_tb.v
/home/hugodg/projects_sky130/mpw5_ask-modulator_impedance-transformer/netgen/run_lvs_por.sh
/home/hugodg/projects_sky130/mpw5_ask-modulator_impedance-transformer/netgen/run_lvs_wrapper_xschem.sh
/home/hugodg/projects_sky130/mpw5_ask-modulator_impedance-transformer/netgen/run_lvs_wrapper_verilog.sh
/home/hugodg/projects_sky130/mpw5_ask-modulator_impedance-transformer/docs/Makefile
/home/hugodg/projects_sky130/mpw5_ask-modulator_impedance-transformer/docs/environment.yml
/home/hugodg/projects_sky130/mpw5_ask-modulator_impedance-transformer/docs/source/conf.py
/home/hugodg/projects_sky130/mpw5_ask-modulator_impedance-transformer/docs/source/index.rst
/home/hugodg/projects_sky130/mpw5_ask-modulator_impedance-transformer/gds/.magicrc
