/home/hugodg/mpw_precheck/checks/tech-files/sky130A_mr.drc:38: warning: already initialized constant DRC::DRCEngine::FEOL
/home/hugodg/mpw_precheck/checks/tech-files/sky130A_mr.drc:28: warning: previous definition of FEOL was here
/home/hugodg/mpw_precheck/checks/tech-files/sky130A_mr.drc:42: warning: already initialized constant DRC::DRCEngine::BEOL
/home/hugodg/mpw_precheck/checks/tech-files/sky130A_mr.drc:29: warning: previous definition of BEOL was here
/home/hugodg/mpw_precheck/checks/tech-files/sky130A_mr.drc:50: warning: already initialized constant DRC::DRCEngine::OFFGRID
/home/hugodg/mpw_precheck/checks/tech-files/sky130A_mr.drc:30: warning: previous definition of OFFGRID was here
/home/hugodg/mpw_precheck/checks/tech-files/sky130A_mr.drc:56: warning: already initialized constant DRC::DRCEngine::SEAL
/home/hugodg/mpw_precheck/checks/tech-files/sky130A_mr.drc:31: warning: previous definition of SEAL was here
/home/hugodg/mpw_precheck/checks/tech-files/sky130A_mr.drc:62: warning: already initialized constant DRC::DRCEngine::FLOATING_MET
/home/hugodg/mpw_precheck/checks/tech-files/sky130A_mr.drc:32: warning: previous definition of FLOATING_MET was here
"input" in: sky130A_mr.drc:107
    Polygons (raw): 1 (flat)  1 (hierarchical)
    Elapsed: 0.010s  Memory: 522.00M
"polygons" in: sky130A_mr.drc:108
    Polygons (raw): 10 (flat)  10 (hierarchical)
    Elapsed: 0.010s  Memory: 522.00M
"polygons" in: sky130A_mr.drc:109
    Polygons (raw): 0 (flat)  0 (hierarchical)
    Elapsed: 0.000s  Memory: 522.00M
"polygons" in: sky130A_mr.drc:110
    Polygons (raw): 0 (flat)  0 (hierarchical)
    Elapsed: 0.010s  Memory: 522.00M
"polygons" in: sky130A_mr.drc:111
    Polygons (raw): 0 (flat)  0 (hierarchical)
    Elapsed: 0.010s  Memory: 522.00M
"polygons" in: sky130A_mr.drc:112
    Polygons (raw): 0 (flat)  0 (hierarchical)
    Elapsed: 0.000s  Memory: 522.00M
"polygons" in: sky130A_mr.drc:113
    Polygons (raw): 0 (flat)  0 (hierarchical)
    Elapsed: 0.010s  Memory: 522.00M
"polygons" in: sky130A_mr.drc:114
    Polygons (raw): 0 (flat)  0 (hierarchical)
    Elapsed: 0.000s  Memory: 522.00M
"polygons" in: sky130A_mr.drc:115
    Polygons (raw): 0 (flat)  0 (hierarchical)
    Elapsed: 0.010s  Memory: 522.00M
"polygons" in: sky130A_mr.drc:116
    Polygons (raw): 0 (flat)  0 (hierarchical)
    Elapsed: 0.000s  Memory: 522.00M
"polygons" in: sky130A_mr.drc:117
    Polygons (raw): 3 (flat)  3 (hierarchical)
    Elapsed: 0.010s  Memory: 522.00M
"polygons" in: sky130A_mr.drc:118
    Polygons (raw): 0 (flat)  0 (hierarchical)
    Elapsed: 0.010s  Memory: 522.00M
"polygons" in: sky130A_mr.drc:119
    Polygons (raw): 0 (flat)  0 (hierarchical)
    Elapsed: 0.000s  Memory: 522.00M
"polygons" in: sky130A_mr.drc:120
    Polygons (raw): 2 (flat)  2 (hierarchical)
    Elapsed: 0.010s  Memory: 522.00M
"polygons" in: sky130A_mr.drc:121
    Polygons (raw): 1 (flat)  1 (hierarchical)
    Elapsed: 0.000s  Memory: 522.00M
"polygons" in: sky130A_mr.drc:122
    Polygons (raw): 1 (flat)  1 (hierarchical)
    Elapsed: 0.010s  Memory: 522.00M
"polygons" in: sky130A_mr.drc:123
    Polygons (raw): 7 (flat)  7 (hierarchical)
    Elapsed: 0.010s  Memory: 522.00M
"polygons" in: sky130A_mr.drc:124
    Polygons (raw): 0 (flat)  0 (hierarchical)
    Elapsed: 0.000s  Memory: 522.00M
"polygons" in: sky130A_mr.drc:125
    Polygons (raw): 1 (flat)  1 (hierarchical)
    Elapsed: 0.010s  Memory: 522.00M
"polygons" in: sky130A_mr.drc:126
    Polygons (raw): 3 (flat)  3 (hierarchical)
    Elapsed: 0.000s  Memory: 522.00M
"polygons" in: sky130A_mr.drc:127
    Polygons (raw): 1210 (flat)  1210 (hierarchical)
    Elapsed: 0.010s  Memory: 522.00M
"polygons" in: sky130A_mr.drc:129
    Polygons (raw): 16 (flat)  16 (hierarchical)
    Elapsed: 0.010s  Memory: 522.00M
"polygons" in: sky130A_mr.drc:130
    Polygons (raw): 1025 (flat)  1025 (hierarchical)
    Elapsed: 0.000s  Memory: 522.00M
"polygons" in: sky130A_mr.drc:132
    Polygons (raw): 42 (flat)  42 (hierarchical)
    Elapsed: 0.010s  Memory: 522.00M
"polygons" in: sky130A_mr.drc:133
    Polygons (raw): 12779 (flat)  12779 (hierarchical)
    Elapsed: 0.010s  Memory: 522.00M
"polygons" in: sky130A_mr.drc:135
    Polygons (raw): 508 (flat)  508 (hierarchical)
    Elapsed: 0.010s  Memory: 522.00M
"polygons" in: sky130A_mr.drc:136
    Polygons (raw): 10319 (flat)  10319 (hierarchical)
    Elapsed: 0.010s  Memory: 522.00M
"polygons" in: sky130A_mr.drc:138
    Polygons (raw): 216 (flat)  216 (hierarchical)
    Elapsed: 0.000s  Memory: 522.00M
"polygons" in: sky130A_mr.drc:139
    Polygons (raw): 4579 (flat)  4579 (hierarchical)
    Elapsed: 0.010s  Memory: 522.00M
"polygons" in: sky130A_mr.drc:141
    Polygons (raw): 58 (flat)  40 (hierarchical)
    Elapsed: 0.010s  Memory: 522.00M
"polygons" in: sky130A_mr.drc:142
    Polygons (raw): 5456 (flat)  2108 (hierarchical)
    Elapsed: 0.010s  Memory: 522.00M
"polygons" in: sky130A_mr.drc:144
    Polygons (raw): 132 (flat)  86 (hierarchical)
    Elapsed: 0.000s  Memory: 522.00M
"polygons" in: sky130A_mr.drc:146
    Polygons (raw): 0 (flat)  0 (hierarchical)
    Elapsed: 0.010s  Memory: 522.00M
"polygons" in: sky130A_mr.drc:147
    Polygons (raw): 0 (flat)  0 (hierarchical)
    Elapsed: 0.000s  Memory: 522.00M
"polygons" in: sky130A_mr.drc:148
    Polygons (raw): 0 (flat)  0 (hierarchical)
    Elapsed: 0.010s  Memory: 522.00M
"polygons" in: sky130A_mr.drc:149
    Polygons (raw): 28 (flat)  10 (hierarchical)
    Elapsed: 0.010s  Memory: 522.00M
"polygons" in: sky130A_mr.drc:150
    Polygons (raw): 0 (flat)  0 (hierarchical)
    Elapsed: 0.000s  Memory: 522.00M
"polygons" in: sky130A_mr.drc:151
    Polygons (raw): 0 (flat)  0 (hierarchical)
    Elapsed: 0.010s  Memory: 522.00M
"polygons" in: sky130A_mr.drc:152
    Polygons (raw): 0 (flat)  0 (hierarchical)
    Elapsed: 0.000s  Memory: 522.00M
"polygons" in: sky130A_mr.drc:153
    Polygons (raw): 0 (flat)  0 (hierarchical)
    Elapsed: 0.010s  Memory: 522.00M
"polygons" in: sky130A_mr.drc:154
    Polygons (raw): 0 (flat)  0 (hierarchical)
    Elapsed: 0.000s  Memory: 522.00M
"polygons" in: sky130A_mr.drc:155
    Polygons (raw): 0 (flat)  0 (hierarchical)
    Elapsed: 0.010s  Memory: 522.00M
"polygons" in: sky130A_mr.drc:156
    Polygons (raw): 0 (flat)  0 (hierarchical)
    Elapsed: 0.010s  Memory: 522.00M
"polygons" in: sky130A_mr.drc:157
    Polygons (raw): 0 (flat)  0 (hierarchical)
    Elapsed: 0.000s  Memory: 522.00M
"polygons" in: sky130A_mr.drc:158
    Polygons (raw): 0 (flat)  0 (hierarchical)
    Elapsed: 0.010s  Memory: 522.00M
"polygons" in: sky130A_mr.drc:159
    Polygons (raw): 0 (flat)  0 (hierarchical)
    Elapsed: 0.000s  Memory: 522.00M
"polygons" in: sky130A_mr.drc:160
    Polygons (raw): 0 (flat)  0 (hierarchical)
    Elapsed: 0.010s  Memory: 522.00M
"polygons" in: sky130A_mr.drc:161
    Polygons (raw): 0 (flat)  0 (hierarchical)
    Elapsed: 0.010s  Memory: 522.00M
"polygons" in: sky130A_mr.drc:162
    Polygons (raw): 0 (flat)  0 (hierarchical)
    Elapsed: 0.000s  Memory: 522.00M
"polygons" in: sky130A_mr.drc:163
    Polygons (raw): 0 (flat)  0 (hierarchical)
    Elapsed: 0.010s  Memory: 522.00M
"polygons" in: sky130A_mr.drc:164
    Polygons (raw): 0 (flat)  0 (hierarchical)
    Elapsed: 0.000s  Memory: 522.00M
"polygons" in: sky130A_mr.drc:165
    Polygons (raw): 0 (flat)  0 (hierarchical)
    Elapsed: 0.010s  Memory: 522.00M
"polygons" in: sky130A_mr.drc:166
    Polygons (raw): 0 (flat)  0 (hierarchical)
    Elapsed: 0.000s  Memory: 522.00M
"polygons" in: sky130A_mr.drc:167
    Polygons (raw): 0 (flat)  0 (hierarchical)
    Elapsed: 0.010s  Memory: 522.00M
"polygons" in: sky130A_mr.drc:168
    Polygons (raw): 0 (flat)  0 (hierarchical)
    Elapsed: 0.000s  Memory: 522.00M
"polygons" in: sky130A_mr.drc:169
    Polygons (raw): 0 (flat)  0 (hierarchical)
    Elapsed: 0.010s  Memory: 522.00M
"polygons" in: sky130A_mr.drc:170
    Polygons (raw): 0 (flat)  0 (hierarchical)
    Elapsed: 0.000s  Memory: 522.00M
"polygons" in: sky130A_mr.drc:171
    Polygons (raw): 1 (flat)  1 (hierarchical)
    Elapsed: 0.010s  Memory: 522.00M
"polygons" in: sky130A_mr.drc:172
    Polygons (raw): 0 (flat)  0 (hierarchical)
    Elapsed: 0.010s  Memory: 522.00M
"polygons" in: sky130A_mr.drc:173
    Polygons (raw): 0 (flat)  0 (hierarchical)
    Elapsed: 0.000s  Memory: 522.00M
"polygons" in: sky130A_mr.drc:174
    Polygons (raw): 0 (flat)  0 (hierarchical)
    Elapsed: 0.010s  Memory: 522.00M
"polygons" in: sky130A_mr.drc:175
    Polygons (raw): 0 (flat)  0 (hierarchical)
    Elapsed: 0.000s  Memory: 522.00M
"polygons" in: sky130A_mr.drc:176
    Polygons (raw): 0 (flat)  0 (hierarchical)
    Elapsed: 0.010s  Memory: 522.00M
"polygons" in: sky130A_mr.drc:177
    Polygons (raw): 0 (flat)  0 (hierarchical)
    Elapsed: 0.000s  Memory: 522.00M
"polygons" in: sky130A_mr.drc:178
    Polygons (raw): 0 (flat)  0 (hierarchical)
    Elapsed: 0.000s  Memory: 522.00M
"polygons" in: sky130A_mr.drc:179
    Polygons (raw): 0 (flat)  0 (hierarchical)
    Elapsed: 0.010s  Memory: 522.00M
"polygons" in: sky130A_mr.drc:180
    Polygons (raw): 0 (flat)  0 (hierarchical)
    Elapsed: 0.000s  Memory: 522.00M
"polygons" in: sky130A_mr.drc:181
    Polygons (raw): 0 (flat)  0 (hierarchical)
    Elapsed: 0.010s  Memory: 522.00M
"polygons" in: sky130A_mr.drc:182
    Polygons (raw): 0 (flat)  0 (hierarchical)
    Elapsed: 0.000s  Memory: 522.00M
"polygons" in: sky130A_mr.drc:183
    Polygons (raw): 0 (flat)  0 (hierarchical)
    Elapsed: 0.010s  Memory: 522.00M
"polygons" in: sky130A_mr.drc:184
    Polygons (raw): 0 (flat)  0 (hierarchical)
    Elapsed: 0.010s  Memory: 522.00M
"polygons" in: sky130A_mr.drc:185
    Polygons (raw): 0 (flat)  0 (hierarchical)
    Elapsed: 0.000s  Memory: 522.00M
"polygons" in: sky130A_mr.drc:186
    Polygons (raw): 0 (flat)  0 (hierarchical)
    Elapsed: 0.010s  Memory: 522.00M
"polygons" in: sky130A_mr.drc:187
    Polygons (raw): 0 (flat)  0 (hierarchical)
    Elapsed: 0.000s  Memory: 522.00M
"polygons" in: sky130A_mr.drc:188
    Polygons (raw): 0 (flat)  0 (hierarchical)
    Elapsed: 0.010s  Memory: 522.00M
"polygons" in: sky130A_mr.drc:189
    Polygons (raw): 0 (flat)  0 (hierarchical)
    Elapsed: 0.010s  Memory: 522.00M
"polygons" in: sky130A_mr.drc:190
    Polygons (raw): 0 (flat)  0 (hierarchical)
    Elapsed: 0.000s  Memory: 522.00M
"polygons" in: sky130A_mr.drc:191
    Polygons (raw): 0 (flat)  0 (hierarchical)
    Elapsed: 0.010s  Memory: 522.00M
"polygons" in: sky130A_mr.drc:192
    Polygons (raw): 0 (flat)  0 (hierarchical)
    Elapsed: 0.000s  Memory: 522.00M
"polygons" in: sky130A_mr.drc:193
    Polygons (raw): 0 (flat)  0 (hierarchical)
    Elapsed: 0.010s  Memory: 522.00M
"polygons" in: sky130A_mr.drc:194
    Polygons (raw): 1 (flat)  1 (hierarchical)
    Elapsed: 0.010s  Memory: 522.00M
"polygons" in: sky130A_mr.drc:195
    Polygons (raw): 0 (flat)  0 (hierarchical)
    Elapsed: 0.010s  Memory: 522.00M
"polygons" in: sky130A_mr.drc:196
    Polygons (raw): 0 (flat)  0 (hierarchical)
    Elapsed: 0.000s  Memory: 522.00M
"polygons" in: sky130A_mr.drc:197
    Polygons (raw): 0 (flat)  0 (hierarchical)
    Elapsed: 0.010s  Memory: 522.00M
"polygons" in: sky130A_mr.drc:198
    Polygons (raw): 0 (flat)  0 (hierarchical)
    Elapsed: 0.010s  Memory: 522.00M
DRC section
BEOL section
START: 67/20 (li)
"not" in: sky130A_mr.drc:371
    Polygons (raw): 16 (flat)  16 (hierarchical)
    Elapsed: 0.000s  Memory: 522.00M
"width" in: sky130A_mr.drc:372
    Edge pairs: 0 (flat)  0 (hierarchical)
    Elapsed: 0.010s  Memory: 522.00M
"output" in: sky130A_mr.drc:372
    Edge pairs: 0 (flat)  0 (hierarchical)
    Elapsed: 0.000s  Memory: 522.00M
"edges" in: sky130A_mr.drc:374
    Edges: 56 (flat)  56 (hierarchical)
    Elapsed: 0.010s  Memory: 1074.00M
"space" in: sky130A_mr.drc:374
    Edge pairs: 0 (flat)  0 (hierarchical)
    Elapsed: 0.010s  Memory: 1066.00M
"output" in: sky130A_mr.drc:374
    Edge pairs: 0 (flat)  0 (hierarchical)
    Elapsed: 0.010s  Memory: 1066.00M
"not" in: sky130A_mr.drc:375
    Polygons (raw): 1210 (flat)  1210 (hierarchical)
    Elapsed: 0.000s  Memory: 1066.00M
"enclosing" in: sky130A_mr.drc:376
    Edge pairs: 366 (flat)  366 (hierarchical)
    Elapsed: 0.030s  Memory: 1074.00M
"second_edges" in: sky130A_mr.drc:376
    Edges: 366 (flat)  366 (hierarchical)
    Elapsed: 0.010s  Memory: 1066.00M
"width" in: sky130A_mr.drc:377
    Edge pairs: 0 (flat)  0 (hierarchical)
    Elapsed: 0.020s  Memory: 1066.00M
"polygons" in: sky130A_mr.drc:378
    Polygons (raw): 0 (flat)  0 (hierarchical)
    Elapsed: 0.000s  Memory: 1066.00M
"interacting" in: sky130A_mr.drc:378
    Polygons (raw): 0 (flat)  0 (hierarchical)
    Elapsed: 0.020s  Memory: 1067.00M
"output" in: sky130A_mr.drc:379
    Polygons (raw): 0 (flat)  0 (hierarchical)
    Elapsed: 0.010s  Memory: 1067.00M
"with_area" in: sky130A_mr.drc:380
    Polygons (raw): 0 (flat)  0 (hierarchical)
    Elapsed: 0.000s  Memory: 1067.00M
"output" in: sky130A_mr.drc:380
    Polygons (raw): 0 (flat)  0 (hierarchical)
    Elapsed: 0.010s  Memory: 1067.00M
END: 67/20 (li)
START: 67/44 (mcon)
"not" in: sky130A_mr.drc:385
    Polygons (raw): 1025 (flat)  1025 (hierarchical)
    Elapsed: 0.010s  Memory: 1067.00M
"not" in: sky130A_mr.drc:392
    Polygons (raw): 1025 (flat)  1025 (hierarchical)
    Elapsed: 0.000s  Memory: 1067.00M
"non_rectangles" in: sky130A_mr.drc:393
    Polygons (raw): 0 (flat)  0 (hierarchical)
    Elapsed: 0.010s  Memory: 1067.00M
"output" in: sky130A_mr.drc:393
    Polygons (raw): 0 (flat)  0 (hierarchical)
    Elapsed: 0.010s  Memory: 1067.00M
"drc" in: sky130A_mr.drc:395
    Edge pairs: 0 (flat)  0 (hierarchical)
    Elapsed: 0.010s  Memory: 1067.00M
"output" in: sky130A_mr.drc:395
    Edge pairs: 0 (flat)  0 (hierarchical)
    Elapsed: 0.010s  Memory: 1067.00M
"drc" in: sky130A_mr.drc:396
    Edges: 0 (flat)  0 (hierarchical)
    Elapsed: 0.020s  Memory: 1067.00M
"output" in: sky130A_mr.drc:396
    Edges: 0 (flat)  0 (hierarchical)
    Elapsed: 0.000s  Memory: 1067.00M
"space" in: sky130A_mr.drc:397
    Edge pairs: 0 (flat)  0 (hierarchical)
    Elapsed: 0.010s  Memory: 1067.00M
"output" in: sky130A_mr.drc:397
    Edge pairs: 0 (flat)  0 (hierarchical)
    Elapsed: 0.010s  Memory: 1067.00M
"not" in: sky130A_mr.drc:403
    Polygons (raw): 0 (flat)  0 (hierarchical)
    Elapsed: 0.010s  Memory: 1067.00M
"output" in: sky130A_mr.drc:403
    Polygons (raw): 0 (flat)  0 (hierarchical)
    Elapsed: 0.010s  Memory: 1067.00M
END: 67/44 (mcon)
START: 68/20 (m1)
"width" in: sky130A_mr.drc:408
    Edge pairs: 0 (flat)  0 (hierarchical)
    Elapsed: 0.000s  Memory: 1067.00M
"output" in: sky130A_mr.drc:408
    Edge pairs: 0 (flat)  0 (hierarchical)
    Elapsed: 0.010s  Memory: 1067.00M
"sized" in: sky130A_mr.drc:409
    Polygons (raw): 6 (flat)  6 (hierarchical)
    Elapsed: 0.010s  Memory: 1067.00M
"sized" in: sky130A_mr.drc:409
    Polygons (raw): 6 (flat)  6 (hierarchical)
    Elapsed: 0.000s  Memory: 1067.00M
"snap" in: sky130A_mr.drc:409
    Polygons (raw): 6 (flat)  6 (hierarchical)
    Elapsed: 0.010s  Memory: 1067.00M
"&" in: sky130A_mr.drc:409
    Polygons (raw): 6 (flat)  6 (hierarchical)
    Elapsed: 0.000s  Memory: 1067.00M
"edges" in: sky130A_mr.drc:410
    Edges: 112 (flat)  112 (hierarchical)
    Elapsed: 0.010s  Memory: 1067.00M
"-" in: sky130A_mr.drc:410
    Edges: 70 (flat)  70 (hierarchical)
    Elapsed: 0.010s  Memory: 1067.00M
"edges" in: sky130A_mr.drc:411
    Edges: 38 (flat)  38 (hierarchical)
    Elapsed: 0.010s  Memory: 1067.00M
"merged" in: sky130A_mr.drc:411
    Polygons (raw): 9 (flat)  9 (hierarchical)
    Elapsed: 0.000s  Memory: 1067.00M
"outside_part" in: sky130A_mr.drc:411
    Edges: 41 (flat)  41 (hierarchical)
    Elapsed: 0.010s  Memory: 1067.00M
"space" in: sky130A_mr.drc:413
    Edge pairs: 0 (flat)  0 (hierarchical)
    Elapsed: 0.010s  Memory: 1067.00M
"output" in: sky130A_mr.drc:413
    Edge pairs: 0 (flat)  0 (hierarchical)
    Elapsed: 0.010s  Memory: 1067.00M
"separation" in: sky130A_mr.drc:415
    Edge pairs: 0 (flat)  0 (hierarchical)
    Elapsed: 0.000s  Memory: 1067.00M
"space" in: sky130A_mr.drc:415
    Edge pairs: 0 (flat)  0 (hierarchical)
    Elapsed: 0.010s  Memory: 1067.00M
"+" in: sky130A_mr.drc:415
    Edge pairs: 0 (flat)  0 (hierarchical)
    Elapsed: 0.000s  Memory: 1067.00M
"output" in: sky130A_mr.drc:415
    Edge pairs: 0 (flat)  0 (hierarchical)
    Elapsed: 0.010s  Memory: 1067.00M
"input" in: sky130A_mr.drc:419
    Polygons (raw): 42 (flat)  42 (hierarchical)
    Elapsed: 0.010s  Memory: 1067.00M
"enclosing" in: sky130A_mr.drc:421
    Edge pairs: 0 (flat)  0 (hierarchical)
    Elapsed: 0.020s  Memory: 1067.00M
"output" in: sky130A_mr.drc:421
    Edge pairs: 0 (flat)  0 (hierarchical)
    Elapsed: 0.010s  Memory: 1067.00M
"not" in: sky130A_mr.drc:422
    Polygons (raw): 0 (flat)  0 (hierarchical)
    Elapsed: 0.010s  Memory: 1067.00M
"output" in: sky130A_mr.drc:422
    Polygons (raw): 0 (flat)  0 (hierarchical)
    Elapsed: 0.010s  Memory: 1067.00M
"input" in: sky130A_mr.drc:424
    Polygons (raw): 0 (flat)  0 (hierarchical)
    Elapsed: 0.000s  Memory: 1067.00M
"enclosing" in: sky130A_mr.drc:425
    Edge pairs: 0 (flat)  0 (hierarchical)
    Elapsed: 0.020s  Memory: 1067.00M
"output" in: sky130A_mr.drc:425
    Edge pairs: 0 (flat)  0 (hierarchical)
    Elapsed: 0.000s  Memory: 1067.00M
"not" in: sky130A_mr.drc:427
    Polygons (raw): 0 (flat)  0 (hierarchical)
    Elapsed: 0.010s  Memory: 1067.00M
"output" in: sky130A_mr.drc:427
    Polygons (raw): 0 (flat)  0 (hierarchical)
    Elapsed: 0.000s  Memory: 1067.00M
"with_area" in: sky130A_mr.drc:429
    Polygons (raw): 0 (flat)  0 (hierarchical)
    Elapsed: 0.010s  Memory: 1067.00M
"output" in: sky130A_mr.drc:429
    Polygons (raw): 0 (flat)  0 (hierarchical)
    Elapsed: 0.010s  Memory: 1067.00M
"holes" in: sky130A_mr.drc:431
    Polygons (raw): 0 (flat)  0 (hierarchical)
    Elapsed: 0.000s  Memory: 1067.00M
"with_area" in: sky130A_mr.drc:431
    Polygons (raw): 0 (flat)  0 (hierarchical)
    Elapsed: 0.010s  Memory: 1067.00M
"output" in: sky130A_mr.drc:431
    Polygons (raw): 0 (flat)  0 (hierarchical)
    Elapsed: 0.000s  Memory: 1067.00M
"enclosing" in: sky130A_mr.drc:438
    Edge pairs: 65 (flat)  65 (hierarchical)
    Elapsed: 0.020s  Memory: 1067.00M
"second_edges" in: sky130A_mr.drc:438
    Edges: 65 (flat)  65 (hierarchical)
    Elapsed: 0.000s  Memory: 1067.00M
"width" in: sky130A_mr.drc:439
    Edge pairs: 0 (flat)  0 (hierarchical)
    Elapsed: 0.010s  Memory: 1083.00M
"polygons" in: sky130A_mr.drc:440
    Polygons (raw): 0 (flat)  0 (hierarchical)
    Elapsed: 0.010s  Memory: 1067.00M
"interacting" in: sky130A_mr.drc:440
    Polygons (raw): 0 (flat)  0 (hierarchical)
    Elapsed: 0.010s  Memory: 1067.00M
"output" in: sky130A_mr.drc:441
    Polygons (raw): 0 (flat)  0 (hierarchical)
    Elapsed: 0.010s  Memory: 1067.00M
END: 68/20 (m1)
START: 68/44 (via)
"not" in: sky130A_mr.drc:455
    Polygons (raw): 12779 (flat)  12779 (hierarchical)
    Elapsed: 0.000s  Memory: 1067.00M
"non_rectangles" in: sky130A_mr.drc:457
    Polygons (raw): 0 (flat)  0 (hierarchical)
    Elapsed: 0.080s  Memory: 1070.00M
"output" in: sky130A_mr.drc:457
    Polygons (raw): 0 (flat)  0 (hierarchical)
    Elapsed: 0.000s  Memory: 1070.00M
"width" in: sky130A_mr.drc:458
    Edge pairs: 0 (flat)  0 (hierarchical)
    Elapsed: 0.020s  Memory: 1070.00M
"output" in: sky130A_mr.drc:458
    Edge pairs: 0 (flat)  0 (hierarchical)
    Elapsed: 0.000s  Memory: 1070.00M
"drc" in: sky130A_mr.drc:460
    Edges: 0 (flat)  0 (hierarchical)
    Elapsed: 0.040s  Memory: 1070.00M
"output" in: sky130A_mr.drc:460
    Edges: 0 (flat)  0 (hierarchical)
    Elapsed: 0.000s  Memory: 1070.00M
"space" in: sky130A_mr.drc:462
    Edge pairs: 0 (flat)  0 (hierarchical)
    Elapsed: 0.110s  Memory: 1077.00M
"output" in: sky130A_mr.drc:462
    Edge pairs: 0 (flat)  0 (hierarchical)
    Elapsed: 0.010s  Memory: 1069.00M
"edges" in: sky130A_mr.drc:470
    Edges: 112 (flat)  112 (hierarchical)
    Elapsed: 0.010s  Memory: 1069.00M
"drc" in: sky130A_mr.drc:470
    Edges: 51116 (flat)  51116 (hierarchical)
    Elapsed: 0.150s  Memory: 1069.00M
"enclosing" in: sky130A_mr.drc:470
    Edge pairs: 0 (flat)  0 (hierarchical)
    Elapsed: 0.050s  Memory: 1069.00M
"output" in: sky130A_mr.drc:470
    Edge pairs: 0 (flat)  0 (hierarchical)
    Elapsed: 0.000s  Memory: 1069.00M
"squares" in: sky130A_mr.drc:471
    Polygons (raw): 12779 (flat)  12779 (hierarchical)
    Elapsed: 0.010s  Memory: 1069.00M
"drc" in: sky130A_mr.drc:471
    Edges: 51116 (flat)  51116 (hierarchical)
    Elapsed: 0.160s  Memory: 1070.00M
"not" in: sky130A_mr.drc:471
    Edges: 0 (flat)  0 (hierarchical)
    Elapsed: 0.120s  Memory: 1070.00M
"output" in: sky130A_mr.drc:471
    Edges: 0 (flat)  0 (hierarchical)
    Elapsed: 0.010s  Memory: 1070.00M
"edges" in: sky130A_mr.drc:473
    Edges: 112 (flat)  112 (hierarchical)
    Elapsed: 0.010s  Memory: 1070.00M
"drc" in: sky130A_mr.drc:473
    Edges: 51116 (flat)  51116 (hierarchical)
    Elapsed: 0.150s  Memory: 1071.00M
"enclosing" in: sky130A_mr.drc:473
    Edge pairs: 0 (flat)  0 (hierarchical)
    Elapsed: 0.050s  Memory: 1071.00M
"second_edges" in: sky130A_mr.drc:473
    Edges: 0 (flat)  0 (hierarchical)
    Elapsed: 0.010s  Memory: 1071.00M
"width" in: sky130A_mr.drc:474
    Edge pairs: 0 (flat)  0 (hierarchical)
    Elapsed: 0.010s  Memory: 1071.00M
"polygons" in: sky130A_mr.drc:475
    Polygons (raw): 0 (flat)  0 (hierarchical)
    Elapsed: 0.000s  Memory: 1071.00M
"interacting" in: sky130A_mr.drc:475
    Polygons (raw): 0 (flat)  0 (hierarchical)
    Elapsed: 0.010s  Memory: 1071.00M
"output" in: sky130A_mr.drc:476
    Polygons (raw): 0 (flat)  0 (hierarchical)
    Elapsed: 0.000s  Memory: 1071.00M
END: 68/44 (via)
START: 69/20 (m2)
"width" in: sky130A_mr.drc:483
    Edge pairs: 0 (flat)  0 (hierarchical)
    Elapsed: 0.010s  Memory: 1071.00M
"output" in: sky130A_mr.drc:483
    Edge pairs: 0 (flat)  0 (hierarchical)
    Elapsed: 0.010s  Memory: 1071.00M
"sized" in: sky130A_mr.drc:485
    Polygons (raw): 11 (flat)  11 (hierarchical)
    Elapsed: 0.010s  Memory: 1071.00M
"sized" in: sky130A_mr.drc:485
    Polygons (raw): 11 (flat)  11 (hierarchical)
    Elapsed: 0.000s  Memory: 1071.00M
"snap" in: sky130A_mr.drc:485
    Polygons (raw): 11 (flat)  11 (hierarchical)
    Elapsed: 0.010s  Memory: 1071.00M
"&" in: sky130A_mr.drc:485
    Polygons (raw): 11 (flat)  11 (hierarchical)
    Elapsed: 0.010s  Memory: 1071.00M
"edges" in: sky130A_mr.drc:486
    Edges: 2032 (flat)  2032 (hierarchical)
    Elapsed: 0.010s  Memory: 1071.00M
"-" in: sky130A_mr.drc:486
    Edges: 1988 (flat)  1988 (hierarchical)
    Elapsed: 0.010s  Memory: 1071.00M
"edges" in: sky130A_mr.drc:487
    Edges: 44 (flat)  44 (hierarchical)
    Elapsed: 0.010s  Memory: 1071.00M
"merged" in: sky130A_mr.drc:487
    Polygons (raw): 508 (flat)  508 (hierarchical)
    Elapsed: 0.010s  Memory: 1071.00M
"outside_part" in: sky130A_mr.drc:487
    Edges: 44 (flat)  44 (hierarchical)
    Elapsed: 0.010s  Memory: 1071.00M
"not" in: sky130A_mr.drc:488
    Polygons (raw): 12779 (flat)  12779 (hierarchical)
    Elapsed: 0.010s  Memory: 1071.00M
"space" in: sky130A_mr.drc:490
    Edge pairs: 0 (flat)  0 (hierarchical)
    Elapsed: 0.010s  Memory: 1071.00M
"output" in: sky130A_mr.drc:490
    Edge pairs: 0 (flat)  0 (hierarchical)
    Elapsed: 0.010s  Memory: 1071.00M
"separation" in: sky130A_mr.drc:492
    Edge pairs: 0 (flat)  0 (hierarchical)
    Elapsed: 0.000s  Memory: 1071.00M
"space" in: sky130A_mr.drc:492
    Edge pairs: 0 (flat)  0 (hierarchical)
    Elapsed: 0.010s  Memory: 1071.00M
"+" in: sky130A_mr.drc:492
    Edge pairs: 0 (flat)  0 (hierarchical)
    Elapsed: 0.010s  Memory: 1071.00M
"output" in: sky130A_mr.drc:492
    Edge pairs: 0 (flat)  0 (hierarchical)
    Elapsed: 0.000s  Memory: 1071.00M
"with_area" in: sky130A_mr.drc:494
    Polygons (raw): 0 (flat)  0 (hierarchical)
    Elapsed: 0.010s  Memory: 1071.00M
"output" in: sky130A_mr.drc:494
    Polygons (raw): 0 (flat)  0 (hierarchical)
    Elapsed: 0.000s  Memory: 1071.00M
"holes" in: sky130A_mr.drc:495
    Polygons (raw): 0 (flat)  0 (hierarchical)
    Elapsed: 0.010s  Memory: 1071.00M
"with_area" in: sky130A_mr.drc:495
    Polygons (raw): 0 (flat)  0 (hierarchical)
    Elapsed: 0.000s  Memory: 1071.00M
"output" in: sky130A_mr.drc:495
    Polygons (raw): 0 (flat)  0 (hierarchical)
    Elapsed: 0.010s  Memory: 1071.00M
"enclosing" in: sky130A_mr.drc:500
    Edge pairs: 0 (flat)  0 (hierarchical)
    Elapsed: 0.070s  Memory: 1071.00M
"output" in: sky130A_mr.drc:500
    Edge pairs: 0 (flat)  0 (hierarchical)
    Elapsed: 0.010s  Memory: 1071.00M
"not" in: sky130A_mr.drc:501
    Polygons (raw): 0 (flat)  0 (hierarchical)
    Elapsed: 0.040s  Memory: 1071.00M
"output" in: sky130A_mr.drc:501
    Polygons (raw): 0 (flat)  0 (hierarchical)
    Elapsed: 0.010s  Memory: 1071.00M
"enclosing" in: sky130A_mr.drc:502
    Edge pairs: 0 (flat)  0 (hierarchical)
    Elapsed: 0.080s  Memory: 1071.00M
"second_edges" in: sky130A_mr.drc:502
    Edges: 0 (flat)  0 (hierarchical)
    Elapsed: 0.010s  Memory: 1071.00M
"width" in: sky130A_mr.drc:503
    Edge pairs: 0 (flat)  0 (hierarchical)
    Elapsed: 0.010s  Memory: 1071.00M
"polygons" in: sky130A_mr.drc:504
    Polygons (raw): 0 (flat)  0 (hierarchical)
    Elapsed: 0.000s  Memory: 1071.00M
"interacting" in: sky130A_mr.drc:504
    Polygons (raw): 0 (flat)  0 (hierarchical)
    Elapsed: 0.010s  Memory: 1071.00M
"output" in: sky130A_mr.drc:505
    Polygons (raw): 0 (flat)  0 (hierarchical)
    Elapsed: 0.010s  Memory: 1071.00M
END: 69/20 (m2)
START: 69/44 (via2)
"not" in: sky130A_mr.drc:520
    Polygons (raw): 10319 (flat)  10319 (hierarchical)
    Elapsed: 0.000s  Memory: 1071.00M
"non_rectangles" in: sky130A_mr.drc:521
    Polygons (raw): 0 (flat)  0 (hierarchical)
    Elapsed: 0.060s  Memory: 1071.00M
"output" in: sky130A_mr.drc:521
    Polygons (raw): 0 (flat)  0 (hierarchical)
    Elapsed: 0.000s  Memory: 1071.00M
"width" in: sky130A_mr.drc:522
    Edge pairs: 0 (flat)  0 (hierarchical)
    Elapsed: 0.020s  Memory: 1071.00M
"output" in: sky130A_mr.drc:522
    Edge pairs: 0 (flat)  0 (hierarchical)
    Elapsed: 0.000s  Memory: 1071.00M
"edges" in: sky130A_mr.drc:523
    Edges: 41276 (flat)  41276 (hierarchical)
    Elapsed: 0.050s  Memory: 1071.00M
"without_length" in: sky130A_mr.drc:523
    Edges: 0 (flat)  0 (hierarchical)
    Elapsed: 0.110s  Memory: 1087.00M
"output" in: sky130A_mr.drc:523
    Edges: 0 (flat)  0 (hierarchical)
    Elapsed: 0.010s  Memory: 1087.00M
"space" in: sky130A_mr.drc:524
    Edge pairs: 0 (flat)  0 (hierarchical)
    Elapsed: 0.080s  Memory: 1087.00M
"output" in: sky130A_mr.drc:524
    Edge pairs: 0 (flat)  0 (hierarchical)
    Elapsed: 0.010s  Memory: 1087.00M
"enclosing" in: sky130A_mr.drc:532
    Edge pairs: 0 (flat)  0 (hierarchical)
    Elapsed: 0.050s  Memory: 1087.00M
"output" in: sky130A_mr.drc:532
    Edge pairs: 0 (flat)  0 (hierarchical)
    Elapsed: 0.010s  Memory: 1087.00M
"not" in: sky130A_mr.drc:533
    Polygons (raw): 0 (flat)  0 (hierarchical)
    Elapsed: 0.030s  Memory: 1087.00M
"output" in: sky130A_mr.drc:533
    Polygons (raw): 0 (flat)  0 (hierarchical)
    Elapsed: 0.000s  Memory: 1087.00M
"enclosing" in: sky130A_mr.drc:535
    Edge pairs: 0 (flat)  0 (hierarchical)
    Elapsed: 0.070s  Memory: 1087.00M
"second_edges" in: sky130A_mr.drc:535
    Edges: 0 (flat)  0 (hierarchical)
    Elapsed: 0.010s  Memory: 1087.00M
"width" in: sky130A_mr.drc:536
    Edge pairs: 0 (flat)  0 (hierarchical)
    Elapsed: 0.000s  Memory: 1087.00M
"polygons" in: sky130A_mr.drc:537
    Polygons (raw): 0 (flat)  0 (hierarchical)
    Elapsed: 0.010s  Memory: 1087.00M
"interacting" in: sky130A_mr.drc:537
    Polygons (raw): 0 (flat)  0 (hierarchical)
    Elapsed: 0.020s  Memory: 1087.00M
"output" in: sky130A_mr.drc:538
    Polygons (raw): 0 (flat)  0 (hierarchical)
    Elapsed: 0.000s  Memory: 1087.00M
END: 69/44 (via2)
START: 70/20 (m3)
"width" in: sky130A_mr.drc:544
    Edge pairs: 0 (flat)  0 (hierarchical)
    Elapsed: 0.010s  Memory: 1087.00M
"output" in: sky130A_mr.drc:544
    Edge pairs: 0 (flat)  0 (hierarchical)
    Elapsed: 0.010s  Memory: 1087.00M
"sized" in: sky130A_mr.drc:546
    Polygons (raw): 43 (flat)  43 (hierarchical)
    Elapsed: 0.000s  Memory: 1087.00M
"sized" in: sky130A_mr.drc:546
    Polygons (raw): 43 (flat)  43 (hierarchical)
    Elapsed: 0.010s  Memory: 1087.00M
"snap" in: sky130A_mr.drc:546
    Polygons (raw): 43 (flat)  43 (hierarchical)
    Elapsed: 0.010s  Memory: 1087.00M
"&" in: sky130A_mr.drc:546
    Polygons (raw): 51 (flat)  51 (hierarchical)
    Elapsed: 0.000s  Memory: 1087.00M
"edges" in: sky130A_mr.drc:547
    Edges: 850 (flat)  850 (hierarchical)
    Elapsed: 0.020s  Memory: 1095.00M
"-" in: sky130A_mr.drc:547
    Edges: 597 (flat)  597 (hierarchical)
    Elapsed: 0.010s  Memory: 1087.00M
"edges" in: sky130A_mr.drc:548
    Edges: 246 (flat)  246 (hierarchical)
    Elapsed: 0.010s  Memory: 1087.00M
"merged" in: sky130A_mr.drc:548
    Polygons (raw): 189 (flat)  189 (hierarchical)
    Elapsed: 0.000s  Memory: 1087.00M
"outside_part" in: sky130A_mr.drc:548
    Edges: 246 (flat)  246 (hierarchical)
    Elapsed: 0.010s  Memory: 1087.00M
"space" in: sky130A_mr.drc:550
    Edge pairs: 0 (flat)  0 (hierarchical)
    Elapsed: 0.010s  Memory: 1087.00M
"output" in: sky130A_mr.drc:550
    Edge pairs: 0 (flat)  0 (hierarchical)
    Elapsed: 0.010s  Memory: 1087.00M
"separation" in: sky130A_mr.drc:552
    Edge pairs: 0 (flat)  0 (hierarchical)
    Elapsed: 0.010s  Memory: 1087.00M
"space" in: sky130A_mr.drc:552
    Edge pairs: 0 (flat)  0 (hierarchical)
    Elapsed: 0.000s  Memory: 1087.00M
"+" in: sky130A_mr.drc:552
    Edge pairs: 0 (flat)  0 (hierarchical)
    Elapsed: 0.010s  Memory: 1087.00M
"output" in: sky130A_mr.drc:552
    Edge pairs: 0 (flat)  0 (hierarchical)
    Elapsed: 0.010s  Memory: 1087.00M
"enclosing" in: sky130A_mr.drc:557
    Edge pairs: 0 (flat)  0 (hierarchical)
    Elapsed: 0.080s  Memory: 1087.00M
"output" in: sky130A_mr.drc:557
    Edge pairs: 0 (flat)  0 (hierarchical)
    Elapsed: 0.000s  Memory: 1087.00M
"not" in: sky130A_mr.drc:558
    Polygons (raw): 0 (flat)  0 (hierarchical)
    Elapsed: 0.030s  Memory: 1087.00M
"output" in: sky130A_mr.drc:558
    Polygons (raw): 0 (flat)  0 (hierarchical)
    Elapsed: 0.010s  Memory: 1087.00M
END: 70/20 (m3)
START: 70/44 (via3)
"not" in: sky130A_mr.drc:572
    Polygons (raw): 4579 (flat)  4579 (hierarchical)
    Elapsed: 0.010s  Memory: 1087.00M
"non_rectangles" in: sky130A_mr.drc:573
    Polygons (raw): 0 (flat)  0 (hierarchical)
    Elapsed: 0.030s  Memory: 1087.00M
"output" in: sky130A_mr.drc:573
    Polygons (raw): 0 (flat)  0 (hierarchical)
    Elapsed: 0.000s  Memory: 1087.00M
"width" in: sky130A_mr.drc:574
    Edge pairs: 0 (flat)  0 (hierarchical)
    Elapsed: 0.010s  Memory: 1087.00M
"output" in: sky130A_mr.drc:574
    Edge pairs: 0 (flat)  0 (hierarchical)
    Elapsed: 0.010s  Memory: 1087.00M
"edges" in: sky130A_mr.drc:575
    Edges: 18316 (flat)  18316 (hierarchical)
    Elapsed: 0.030s  Memory: 1087.00M
"without_length" in: sky130A_mr.drc:575
    Edges: 0 (flat)  0 (hierarchical)
    Elapsed: 0.040s  Memory: 1087.00M
"output" in: sky130A_mr.drc:575
    Edges: 0 (flat)  0 (hierarchical)
    Elapsed: 0.010s  Memory: 1087.00M
"space" in: sky130A_mr.drc:577
    Edge pairs: 0 (flat)  0 (hierarchical)
    Elapsed: 0.040s  Memory: 1095.00M
"output" in: sky130A_mr.drc:577
    Edge pairs: 0 (flat)  0 (hierarchical)
    Elapsed: 0.010s  Memory: 1087.00M
"enclosing" in: sky130A_mr.drc:578
    Edge pairs: 0 (flat)  0 (hierarchical)
    Elapsed: 0.040s  Memory: 1087.00M
"output" in: sky130A_mr.drc:578
    Edge pairs: 0 (flat)  0 (hierarchical)
    Elapsed: 0.010s  Memory: 1087.00M
"not" in: sky130A_mr.drc:579
    Polygons (raw): 0 (flat)  0 (hierarchical)
    Elapsed: 0.010s  Memory: 1087.00M
"output" in: sky130A_mr.drc:579
    Polygons (raw): 0 (flat)  0 (hierarchical)
    Elapsed: 0.010s  Memory: 1087.00M
"enclosing" in: sky130A_mr.drc:581
    Edge pairs: 0 (flat)  0 (hierarchical)
    Elapsed: 0.040s  Memory: 1095.00M
"second_edges" in: sky130A_mr.drc:581
    Edges: 0 (flat)  0 (hierarchical)
    Elapsed: 0.010s  Memory: 1087.00M
"width" in: sky130A_mr.drc:582
    Edge pairs: 0 (flat)  0 (hierarchical)
    Elapsed: 0.000s  Memory: 1087.00M
"polygons" in: sky130A_mr.drc:583
    Polygons (raw): 0 (flat)  0 (hierarchical)
    Elapsed: 0.000s  Memory: 1087.00M
"interacting" in: sky130A_mr.drc:583
    Polygons (raw): 0 (flat)  0 (hierarchical)
    Elapsed: 0.010s  Memory: 1087.00M
"output" in: sky130A_mr.drc:584
    Polygons (raw): 0 (flat)  0 (hierarchical)
    Elapsed: 0.010s  Memory: 1087.00M
END: 70/44 (via3)
START: 71/20 (m4)
"width" in: sky130A_mr.drc:590
    Edge pairs: 0 (flat)  0 (hierarchical)
    Elapsed: 0.010s  Memory: 1087.00M
"output" in: sky130A_mr.drc:590
    Edge pairs: 0 (flat)  0 (hierarchical)
    Elapsed: 0.000s  Memory: 1087.00M
"sized" in: sky130A_mr.drc:592
    Polygons (raw): 32 (flat)  19 (hierarchical)
    Elapsed: 0.010s  Memory: 1087.00M
"sized" in: sky130A_mr.drc:592
    Polygons (raw): 32 (flat)  19 (hierarchical)
    Elapsed: 0.010s  Memory: 1087.00M
"snap" in: sky130A_mr.drc:592
    Polygons (raw): 32 (flat)  19 (hierarchical)
    Elapsed: 0.000s  Memory: 1087.00M
"&" in: sky130A_mr.drc:592
    Polygons (raw): 44 (flat)  31 (hierarchical)
    Elapsed: 0.010s  Memory: 1087.00M
"edges" in: sky130A_mr.drc:593
    Edges: 235 (flat)  158 (hierarchical)
    Elapsed: 0.010s  Memory: 1087.00M
"-" in: sky130A_mr.drc:593
    Edges: 8 (flat)  8 (hierarchical)
    Elapsed: 0.010s  Memory: 1087.00M
"edges" in: sky130A_mr.drc:594
    Edges: 210 (flat)  158 (hierarchical)
    Elapsed: 0.010s  Memory: 1087.00M
"merged" in: sky130A_mr.drc:594
    Polygons (raw): 34 (flat)  21 (hierarchical)
    Elapsed: 0.000s  Memory: 1087.00M
"outside_part" in: sky130A_mr.drc:594
    Edges: 210 (flat)  158 (hierarchical)
    Elapsed: 0.010s  Memory: 1087.00M
"space" in: sky130A_mr.drc:596
    Edge pairs: 0 (flat)  0 (hierarchical)
    Elapsed: 0.020s  Memory: 1087.00M
"output" in: sky130A_mr.drc:596
    Edge pairs: 0 (flat)  0 (hierarchical)
    Elapsed: 0.000s  Memory: 1087.00M
"with_area" in: sky130A_mr.drc:598
    Polygons (raw): 0 (flat)  0 (hierarchical)
    Elapsed: 0.010s  Memory: 1087.00M
"output" in: sky130A_mr.drc:598
    Polygons (raw): 0 (flat)  0 (hierarchical)
    Elapsed: 0.000s  Memory: 1087.00M
"separation" in: sky130A_mr.drc:600
    Edge pairs: 0 (flat)  0 (hierarchical)
    Elapsed: 0.010s  Memory: 1087.00M
"space" in: sky130A_mr.drc:600
    Edge pairs: 0 (flat)  0 (hierarchical)
    Elapsed: 0.010s  Memory: 1087.00M
"+" in: sky130A_mr.drc:600
    Edge pairs: 0 (flat)  0 (hierarchical)
    Elapsed: 0.010s  Memory: 1087.00M
"output" in: sky130A_mr.drc:600
    Edge pairs: 0 (flat)  0 (hierarchical)
    Elapsed: 0.000s  Memory: 1087.00M
"enclosing" in: sky130A_mr.drc:605
    Edge pairs: 0 (flat)  0 (hierarchical)
    Elapsed: 0.040s  Memory: 1087.00M
"output" in: sky130A_mr.drc:605
    Edge pairs: 0 (flat)  0 (hierarchical)
    Elapsed: 0.010s  Memory: 1087.00M
"not" in: sky130A_mr.drc:606
    Polygons (raw): 0 (flat)  0 (hierarchical)
    Elapsed: 0.010s  Memory: 1103.00M
"output" in: sky130A_mr.drc:606
    Polygons (raw): 0 (flat)  0 (hierarchical)
    Elapsed: 0.010s  Memory: 1087.00M
END: 71/20 (m4)
START: 71/44 (via4)
"not" in: sky130A_mr.drc:619
    Polygons (raw): 5456 (flat)  2108 (hierarchical)
    Elapsed: 0.000s  Memory: 1087.00M
"non_rectangles" in: sky130A_mr.drc:620
    Polygons (raw): 0 (flat)  0 (hierarchical)
    Elapsed: 0.020s  Memory: 1087.00M
"output" in: sky130A_mr.drc:620
    Polygons (raw): 0 (flat)  0 (hierarchical)
    Elapsed: 0.010s  Memory: 1087.00M
"width" in: sky130A_mr.drc:621
    Edge pairs: 0 (flat)  0 (hierarchical)
    Elapsed: 0.010s  Memory: 1087.00M
"output" in: sky130A_mr.drc:621
    Edge pairs: 0 (flat)  0 (hierarchical)
    Elapsed: 0.000s  Memory: 1087.00M
"drc" in: sky130A_mr.drc:622
    Edges: 0 (flat)  0 (hierarchical)
    Elapsed: 0.010s  Memory: 1087.00M
"output" in: sky130A_mr.drc:622
    Edges: 0 (flat)  0 (hierarchical)
    Elapsed: 0.000s  Memory: 1087.00M
"space" in: sky130A_mr.drc:624
    Edge pairs: 0 (flat)  0 (hierarchical)
    Elapsed: 0.010s  Memory: 1095.00M
"polygons" in: sky130A_mr.drc:624
    Polygons (raw): 0 (flat)  0 (hierarchical)
    Elapsed: 0.010s  Memory: 1087.00M
"output" in: sky130A_mr.drc:624
    Polygons (raw): 0 (flat)  0 (hierarchical)
    Elapsed: 0.010s  Memory: 1087.00M
"enclosing" in: sky130A_mr.drc:632
    Edge pairs: 0 (flat)  0 (hierarchical)
    Elapsed: 0.030s  Memory: 1087.00M
"output" in: sky130A_mr.drc:632
    Edge pairs: 0 (flat)  0 (hierarchical)
    Elapsed: 0.000s  Memory: 1087.00M
"not" in: sky130A_mr.drc:633
    Polygons (raw): 0 (flat)  0 (hierarchical)
    Elapsed: 0.020s  Memory: 1087.00M
"output" in: sky130A_mr.drc:633
    Polygons (raw): 0 (flat)  0 (hierarchical)
    Elapsed: 0.010s  Memory: 1087.00M
END: 71/44 (via4)
START: 72/20 (m5)
"width" in: sky130A_mr.drc:638
    Edge pairs: 0 (flat)  0 (hierarchical)
    Elapsed: 0.000s  Memory: 1087.00M
"output" in: sky130A_mr.drc:638
    Edge pairs: 0 (flat)  0 (hierarchical)
    Elapsed: 0.000s  Memory: 1087.00M
"space" in: sky130A_mr.drc:640
    Edge pairs: 0 (flat)  0 (hierarchical)
    Elapsed: 0.020s  Memory: 1095.00M
"output" in: sky130A_mr.drc:640
    Edge pairs: 0 (flat)  0 (hierarchical)
    Elapsed: 0.000s  Memory: 1087.00M
"enclosing" in: sky130A_mr.drc:642
    Edge pairs: 0 (flat)  0 (hierarchical)
    Elapsed: 0.050s  Memory: 1087.00M
"output" in: sky130A_mr.drc:642
    Edge pairs: 0 (flat)  0 (hierarchical)
    Elapsed: 0.000s  Memory: 1087.00M
"not" in: sky130A_mr.drc:643
    Polygons (raw): 0 (flat)  0 (hierarchical)
    Elapsed: 0.020s  Memory: 1095.00M
"output" in: sky130A_mr.drc:643
    Polygons (raw): 0 (flat)  0 (hierarchical)
    Elapsed: 0.010s  Memory: 1087.00M
"with_area" in: sky130A_mr.drc:647
    Polygons (raw): 0 (flat)  0 (hierarchical)
    Elapsed: 0.000s  Memory: 1087.00M
"output" in: sky130A_mr.drc:647
    Polygons (raw): 0 (flat)  0 (hierarchical)
    Elapsed: 0.010s  Memory: 1087.00M
END: 72/20 (m5)
START: 76/20 (pad)
"space" in: sky130A_mr.drc:652
    Edge pairs: 0 (flat)  0 (hierarchical)
    Elapsed: 0.000s  Memory: 1087.00M
"output" in: sky130A_mr.drc:652
    Edge pairs: 0 (flat)  0 (hierarchical)
    Elapsed: 0.010s  Memory: 1087.00M
END: 76/20 (pad)
Writing report database: /home/hugodg/projects_sky130/mpw5_ask-modulator_impedance-transformer/precheck_results/12_MAR_2022___14_26_48/outputs/reports/klayout_beol_check.xml ..
Total elapsed: 4.190s  Memory: 1087.00M
