/home/hugodg/projects_sky130/mpw5_ask-modulator_impedance-transformer/Makefile
/home/hugodg/projects_sky130/mpw5_ask-modulator_impedance-transformer/precheck_results/14_MAR_2022___02_22_06/logs/tools.info
/home/hugodg/projects_sky130/mpw5_ask-modulator_impedance-transformer/precheck_results/14_MAR_2022___02_22_06/logs/gds.info
/home/hugodg/projects_sky130/mpw5_ask-modulator_impedance-transformer/precheck_results/14_MAR_2022___02_22_06/logs/pdks.info
/home/hugodg/projects_sky130/mpw5_ask-modulator_impedance-transformer/precheck_results/12_MAR_2022___14_32_33/outputs/reports/magic_drc_check.tr
/home/hugodg/projects_sky130/mpw5_ask-modulator_impedance-transformer/precheck_results/12_MAR_2022___14_32_33/outputs/reports/magic_drc_check.drc.report
/home/hugodg/projects_sky130/mpw5_ask-modulator_impedance-transformer/precheck_results/12_MAR_2022___14_32_33/outputs/reports/magic_drc_check.tcl
/home/hugodg/projects_sky130/mpw5_ask-modulator_impedance-transformer/precheck_results/12_MAR_2022___14_32_33/logs/xor_check.total
/home/hugodg/projects_sky130/mpw5_ask-modulator_impedance-transformer/precheck_results/12_MAR_2022___14_32_33/logs/tools.info
/home/hugodg/projects_sky130/mpw5_ask-modulator_impedance-transformer/precheck_results/12_MAR_2022___14_32_33/logs/klayout_beol_check.total
/home/hugodg/projects_sky130/mpw5_ask-modulator_impedance-transformer/precheck_results/12_MAR_2022___14_32_33/logs/klayout_zeroarea_check.total
/home/hugodg/projects_sky130/mpw5_ask-modulator_impedance-transformer/precheck_results/12_MAR_2022___14_32_33/logs/klayout_offgrid_check.total
/home/hugodg/projects_sky130/mpw5_ask-modulator_impedance-transformer/precheck_results/12_MAR_2022___14_32_33/logs/klayout_pin_label_purposes_overlapping_drawing_check.total
/home/hugodg/projects_sky130/mpw5_ask-modulator_impedance-transformer/precheck_results/12_MAR_2022___14_32_33/logs/gds.info
/home/hugodg/projects_sky130/mpw5_ask-modulator_impedance-transformer/precheck_results/12_MAR_2022___14_32_33/logs/pdks.info
/home/hugodg/projects_sky130/mpw5_ask-modulator_impedance-transformer/precheck_results/12_MAR_2022___14_32_33/logs/klayout_feol_check.total
/home/hugodg/projects_sky130/mpw5_ask-modulator_impedance-transformer/precheck_results/12_MAR_2022___14_32_33/logs/klayout_met_min_ca_density_check.total
/home/hugodg/projects_sky130/mpw5_ask-modulator_impedance-transformer/precheck_results/12_MAR_2022___14_32_33/logs/magic_drc_check.total
/home/hugodg/projects_sky130/mpw5_ask-modulator_impedance-transformer/precheck_results/12_MAR_2022___14_26_48/outputs/reports/magic_drc_check.tr
/home/hugodg/projects_sky130/mpw5_ask-modulator_impedance-transformer/precheck_results/12_MAR_2022___14_26_48/outputs/reports/magic_drc_check.drc.report
/home/hugodg/projects_sky130/mpw5_ask-modulator_impedance-transformer/precheck_results/12_MAR_2022___14_26_48/outputs/reports/magic_drc_check.tcl
/home/hugodg/projects_sky130/mpw5_ask-modulator_impedance-transformer/precheck_results/12_MAR_2022___14_26_48/logs/xor_check.total
/home/hugodg/projects_sky130/mpw5_ask-modulator_impedance-transformer/precheck_results/12_MAR_2022___14_26_48/logs/tools.info
/home/hugodg/projects_sky130/mpw5_ask-modulator_impedance-transformer/precheck_results/12_MAR_2022___14_26_48/logs/klayout_beol_check.total
/home/hugodg/projects_sky130/mpw5_ask-modulator_impedance-transformer/precheck_results/12_MAR_2022___14_26_48/logs/klayout_zeroarea_check.total
/home/hugodg/projects_sky130/mpw5_ask-modulator_impedance-transformer/precheck_results/12_MAR_2022___14_26_48/logs/klayout_offgrid_check.total
/home/hugodg/projects_sky130/mpw5_ask-modulator_impedance-transformer/precheck_results/12_MAR_2022___14_26_48/logs/klayout_pin_label_purposes_overlapping_drawing_check.total
/home/hugodg/projects_sky130/mpw5_ask-modulator_impedance-transformer/precheck_results/12_MAR_2022___14_26_48/logs/gds.info
/home/hugodg/projects_sky130/mpw5_ask-modulator_impedance-transformer/precheck_results/12_MAR_2022___14_26_48/logs/pdks.info
/home/hugodg/projects_sky130/mpw5_ask-modulator_impedance-transformer/precheck_results/12_MAR_2022___14_26_48/logs/klayout_feol_check.total
/home/hugodg/projects_sky130/mpw5_ask-modulator_impedance-transformer/precheck_results/12_MAR_2022___14_26_48/logs/klayout_met_min_ca_density_check.total
/home/hugodg/projects_sky130/mpw5_ask-modulator_impedance-transformer/precheck_results/12_MAR_2022___14_26_48/logs/magic_drc_check.total
/home/hugodg/projects_sky130/mpw5_ask-modulator_impedance-transformer/precheck_results/14_MAR_2022___01_31_07/outputs/reports/magic_drc_check.drc.report
/home/hugodg/projects_sky130/mpw5_ask-modulator_impedance-transformer/precheck_results/14_MAR_2022___01_31_07/logs/xor_check.total
/home/hugodg/projects_sky130/mpw5_ask-modulator_impedance-transformer/precheck_results/14_MAR_2022___01_31_07/logs/tools.info
/home/hugodg/projects_sky130/mpw5_ask-modulator_impedance-transformer/precheck_results/14_MAR_2022___01_31_07/logs/klayout_beol_check.total
/home/hugodg/projects_sky130/mpw5_ask-modulator_impedance-transformer/precheck_results/14_MAR_2022___01_31_07/logs/klayout_zeroarea_check.total
/home/hugodg/projects_sky130/mpw5_ask-modulator_impedance-transformer/precheck_results/14_MAR_2022___01_31_07/logs/klayout_offgrid_check.total
/home/hugodg/projects_sky130/mpw5_ask-modulator_impedance-transformer/precheck_results/14_MAR_2022___01_31_07/logs/klayout_pin_label_purposes_overlapping_drawing_check.total
/home/hugodg/projects_sky130/mpw5_ask-modulator_impedance-transformer/precheck_results/14_MAR_2022___01_31_07/logs/gds.info
/home/hugodg/projects_sky130/mpw5_ask-modulator_impedance-transformer/precheck_results/14_MAR_2022___01_31_07/logs/pdks.info
/home/hugodg/projects_sky130/mpw5_ask-modulator_impedance-transformer/precheck_results/14_MAR_2022___01_31_07/logs/klayout_feol_check.total
/home/hugodg/projects_sky130/mpw5_ask-modulator_impedance-transformer/precheck_results/14_MAR_2022___01_31_07/logs/klayout_met_min_ca_density_check.total
/home/hugodg/projects_sky130/mpw5_ask-modulator_impedance-transformer/precheck_results/14_MAR_2022___01_31_07/logs/magic_drc_check.total
/home/hugodg/projects_sky130/mpw5_ask-modulator_impedance-transformer/precheck_results/14_MAR_2022___01_32_32/outputs/reports/magic_drc_check.drc.report
/home/hugodg/projects_sky130/mpw5_ask-modulator_impedance-transformer/precheck_results/14_MAR_2022___01_32_32/logs/xor_check.total
/home/hugodg/projects_sky130/mpw5_ask-modulator_impedance-transformer/precheck_results/14_MAR_2022___01_32_32/logs/tools.info
/home/hugodg/projects_sky130/mpw5_ask-modulator_impedance-transformer/precheck_results/14_MAR_2022___01_32_32/logs/klayout_beol_check.total
/home/hugodg/projects_sky130/mpw5_ask-modulator_impedance-transformer/precheck_results/14_MAR_2022___01_32_32/logs/klayout_zeroarea_check.total
/home/hugodg/projects_sky130/mpw5_ask-modulator_impedance-transformer/precheck_results/14_MAR_2022___01_32_32/logs/klayout_offgrid_check.total
/home/hugodg/projects_sky130/mpw5_ask-modulator_impedance-transformer/precheck_results/14_MAR_2022___01_32_32/logs/klayout_pin_label_purposes_overlapping_drawing_check.total
/home/hugodg/projects_sky130/mpw5_ask-modulator_impedance-transformer/precheck_results/14_MAR_2022___01_32_32/logs/gds.info
/home/hugodg/projects_sky130/mpw5_ask-modulator_impedance-transformer/precheck_results/14_MAR_2022___01_32_32/logs/pdks.info
/home/hugodg/projects_sky130/mpw5_ask-modulator_impedance-transformer/precheck_results/14_MAR_2022___01_32_32/logs/klayout_feol_check.total
/home/hugodg/projects_sky130/mpw5_ask-modulator_impedance-transformer/precheck_results/14_MAR_2022___01_32_32/logs/klayout_met_min_ca_density_check.total
/home/hugodg/projects_sky130/mpw5_ask-modulator_impedance-transformer/precheck_results/14_MAR_2022___01_32_32/logs/magic_drc_check.total
/home/hugodg/projects_sky130/mpw5_ask-modulator_impedance-transformer/precheck_results/12_MAR_2022___14_22_18/outputs/reports/magic_drc_check.tr
/home/hugodg/projects_sky130/mpw5_ask-modulator_impedance-transformer/precheck_results/12_MAR_2022___14_22_18/outputs/reports/magic_drc_check.drc.report
/home/hugodg/projects_sky130/mpw5_ask-modulator_impedance-transformer/precheck_results/12_MAR_2022___14_22_18/outputs/reports/magic_drc_check.tcl
/home/hugodg/projects_sky130/mpw5_ask-modulator_impedance-transformer/precheck_results/12_MAR_2022___14_22_18/logs/xor_check.total
/home/hugodg/projects_sky130/mpw5_ask-modulator_impedance-transformer/precheck_results/12_MAR_2022___14_22_18/logs/tools.info
/home/hugodg/projects_sky130/mpw5_ask-modulator_impedance-transformer/precheck_results/12_MAR_2022___14_22_18/logs/klayout_beol_check.total
/home/hugodg/projects_sky130/mpw5_ask-modulator_impedance-transformer/precheck_results/12_MAR_2022___14_22_18/logs/klayout_zeroarea_check.total
/home/hugodg/projects_sky130/mpw5_ask-modulator_impedance-transformer/precheck_results/12_MAR_2022___14_22_18/logs/klayout_offgrid_check.total
/home/hugodg/projects_sky130/mpw5_ask-modulator_impedance-transformer/precheck_results/12_MAR_2022___14_22_18/logs/klayout_pin_label_purposes_overlapping_drawing_check.total
/home/hugodg/projects_sky130/mpw5_ask-modulator_impedance-transformer/precheck_results/12_MAR_2022___14_22_18/logs/gds.info
/home/hugodg/projects_sky130/mpw5_ask-modulator_impedance-transformer/precheck_results/12_MAR_2022___14_22_18/logs/pdks.info
/home/hugodg/projects_sky130/mpw5_ask-modulator_impedance-transformer/precheck_results/12_MAR_2022___14_22_18/logs/klayout_feol_check.total
/home/hugodg/projects_sky130/mpw5_ask-modulator_impedance-transformer/precheck_results/12_MAR_2022___14_22_18/logs/klayout_met_min_ca_density_check.total
/home/hugodg/projects_sky130/mpw5_ask-modulator_impedance-transformer/precheck_results/12_MAR_2022___14_22_18/logs/magic_drc_check.total
/home/hugodg/projects_sky130/mpw5_ask-modulator_impedance-transformer/precheck_results/14_MAR_2022___01_39_08/outputs/reports/magic_drc_check.drc.report
/home/hugodg/projects_sky130/mpw5_ask-modulator_impedance-transformer/precheck_results/14_MAR_2022___01_39_08/logs/xor_check.total
/home/hugodg/projects_sky130/mpw5_ask-modulator_impedance-transformer/precheck_results/14_MAR_2022___01_39_08/logs/tools.info
/home/hugodg/projects_sky130/mpw5_ask-modulator_impedance-transformer/precheck_results/14_MAR_2022___01_39_08/logs/klayout_beol_check.total
/home/hugodg/projects_sky130/mpw5_ask-modulator_impedance-transformer/precheck_results/14_MAR_2022___01_39_08/logs/klayout_zeroarea_check.total
/home/hugodg/projects_sky130/mpw5_ask-modulator_impedance-transformer/precheck_results/14_MAR_2022___01_39_08/logs/klayout_offgrid_check.total
/home/hugodg/projects_sky130/mpw5_ask-modulator_impedance-transformer/precheck_results/14_MAR_2022___01_39_08/logs/klayout_pin_label_purposes_overlapping_drawing_check.total
/home/hugodg/projects_sky130/mpw5_ask-modulator_impedance-transformer/precheck_results/14_MAR_2022___01_39_08/logs/gds.info
/home/hugodg/projects_sky130/mpw5_ask-modulator_impedance-transformer/precheck_results/14_MAR_2022___01_39_08/logs/pdks.info
/home/hugodg/projects_sky130/mpw5_ask-modulator_impedance-transformer/precheck_results/14_MAR_2022___01_39_08/logs/klayout_feol_check.total
/home/hugodg/projects_sky130/mpw5_ask-modulator_impedance-transformer/precheck_results/14_MAR_2022___01_39_08/logs/klayout_met_min_ca_density_check.total
/home/hugodg/projects_sky130/mpw5_ask-modulator_impedance-transformer/precheck_results/14_MAR_2022___01_39_08/logs/magic_drc_check.total
/home/hugodg/projects_sky130/mpw5_ask-modulator_impedance-transformer/precheck_results/14_MAR_2022___00_57_18/outputs/reports/magic_drc_check.drc.report
/home/hugodg/projects_sky130/mpw5_ask-modulator_impedance-transformer/precheck_results/14_MAR_2022___00_57_18/logs/xor_check.total
/home/hugodg/projects_sky130/mpw5_ask-modulator_impedance-transformer/precheck_results/14_MAR_2022___00_57_18/logs/tools.info
/home/hugodg/projects_sky130/mpw5_ask-modulator_impedance-transformer/precheck_results/14_MAR_2022___00_57_18/logs/klayout_beol_check.total
/home/hugodg/projects_sky130/mpw5_ask-modulator_impedance-transformer/precheck_results/14_MAR_2022___00_57_18/logs/klayout_zeroarea_check.total
/home/hugodg/projects_sky130/mpw5_ask-modulator_impedance-transformer/precheck_results/14_MAR_2022___00_57_18/logs/klayout_offgrid_check.total
/home/hugodg/projects_sky130/mpw5_ask-modulator_impedance-transformer/precheck_results/14_MAR_2022___00_57_18/logs/klayout_pin_label_purposes_overlapping_drawing_check.total
/home/hugodg/projects_sky130/mpw5_ask-modulator_impedance-transformer/precheck_results/14_MAR_2022___00_57_18/logs/gds.info
/home/hugodg/projects_sky130/mpw5_ask-modulator_impedance-transformer/precheck_results/14_MAR_2022___00_57_18/logs/pdks.info
/home/hugodg/projects_sky130/mpw5_ask-modulator_impedance-transformer/precheck_results/14_MAR_2022___00_57_18/logs/klayout_feol_check.total
/home/hugodg/projects_sky130/mpw5_ask-modulator_impedance-transformer/precheck_results/14_MAR_2022___00_57_18/logs/klayout_met_min_ca_density_check.total
/home/hugodg/projects_sky130/mpw5_ask-modulator_impedance-transformer/precheck_results/14_MAR_2022___00_57_18/logs/magic_drc_check.total
/home/hugodg/projects_sky130/mpw5_ask-modulator_impedance-transformer/precheck_results/14_MAR_2022___01_45_35/outputs/reports/magic_drc_check.drc.report
/home/hugodg/projects_sky130/mpw5_ask-modulator_impedance-transformer/precheck_results/14_MAR_2022___01_45_35/logs/xor_check.total
/home/hugodg/projects_sky130/mpw5_ask-modulator_impedance-transformer/precheck_results/14_MAR_2022___01_45_35/logs/tools.info
/home/hugodg/projects_sky130/mpw5_ask-modulator_impedance-transformer/precheck_results/14_MAR_2022___01_45_35/logs/klayout_beol_check.total
/home/hugodg/projects_sky130/mpw5_ask-modulator_impedance-transformer/precheck_results/14_MAR_2022___01_45_35/logs/klayout_zeroarea_check.total
/home/hugodg/projects_sky130/mpw5_ask-modulator_impedance-transformer/precheck_results/14_MAR_2022___01_45_35/logs/klayout_offgrid_check.total
/home/hugodg/projects_sky130/mpw5_ask-modulator_impedance-transformer/precheck_results/14_MAR_2022___01_45_35/logs/klayout_pin_label_purposes_overlapping_drawing_check.total
/home/hugodg/projects_sky130/mpw5_ask-modulator_impedance-transformer/precheck_results/14_MAR_2022___01_45_35/logs/gds.info
/home/hugodg/projects_sky130/mpw5_ask-modulator_impedance-transformer/precheck_results/14_MAR_2022___01_45_35/logs/pdks.info
/home/hugodg/projects_sky130/mpw5_ask-modulator_impedance-transformer/precheck_results/14_MAR_2022___01_45_35/logs/klayout_feol_check.total
/home/hugodg/projects_sky130/mpw5_ask-modulator_impedance-transformer/precheck_results/14_MAR_2022___01_45_35/logs/klayout_met_min_ca_density_check.total
/home/hugodg/projects_sky130/mpw5_ask-modulator_impedance-transformer/precheck_results/14_MAR_2022___01_45_35/logs/magic_drc_check.total
/home/hugodg/projects_sky130/mpw5_ask-modulator_impedance-transformer/precheck_results/14_MAR_2022___02_20_54/outputs/reports/magic_drc_check.drc.report
/home/hugodg/projects_sky130/mpw5_ask-modulator_impedance-transformer/precheck_results/14_MAR_2022___02_20_54/logs/xor_check.total
/home/hugodg/projects_sky130/mpw5_ask-modulator_impedance-transformer/precheck_results/14_MAR_2022___02_20_54/logs/tools.info
/home/hugodg/projects_sky130/mpw5_ask-modulator_impedance-transformer/precheck_results/14_MAR_2022___02_20_54/logs/klayout_beol_check.total
/home/hugodg/projects_sky130/mpw5_ask-modulator_impedance-transformer/precheck_results/14_MAR_2022___02_20_54/logs/klayout_zeroarea_check.total
/home/hugodg/projects_sky130/mpw5_ask-modulator_impedance-transformer/precheck_results/14_MAR_2022___02_20_54/logs/klayout_offgrid_check.total
/home/hugodg/projects_sky130/mpw5_ask-modulator_impedance-transformer/precheck_results/14_MAR_2022___02_20_54/logs/klayout_pin_label_purposes_overlapping_drawing_check.total
/home/hugodg/projects_sky130/mpw5_ask-modulator_impedance-transformer/precheck_results/14_MAR_2022___02_20_54/logs/gds.info
/home/hugodg/projects_sky130/mpw5_ask-modulator_impedance-transformer/precheck_results/14_MAR_2022___02_20_54/logs/pdks.info
/home/hugodg/projects_sky130/mpw5_ask-modulator_impedance-transformer/precheck_results/14_MAR_2022___02_20_54/logs/klayout_feol_check.total
/home/hugodg/projects_sky130/mpw5_ask-modulator_impedance-transformer/precheck_results/14_MAR_2022___02_20_54/logs/klayout_met_min_ca_density_check.total
/home/hugodg/projects_sky130/mpw5_ask-modulator_impedance-transformer/precheck_results/14_MAR_2022___02_20_54/logs/magic_drc_check.total
/home/hugodg/projects_sky130/mpw5_ask-modulator_impedance-transformer/precheck_results/14_MAR_2022___00_41_25/outputs/reports/magic_drc_check.drc.report
/home/hugodg/projects_sky130/mpw5_ask-modulator_impedance-transformer/precheck_results/14_MAR_2022___00_41_25/logs/xor_check.total
/home/hugodg/projects_sky130/mpw5_ask-modulator_impedance-transformer/precheck_results/14_MAR_2022___00_41_25/logs/tools.info
/home/hugodg/projects_sky130/mpw5_ask-modulator_impedance-transformer/precheck_results/14_MAR_2022___00_41_25/logs/klayout_beol_check.total
/home/hugodg/projects_sky130/mpw5_ask-modulator_impedance-transformer/precheck_results/14_MAR_2022___00_41_25/logs/klayout_zeroarea_check.total
/home/hugodg/projects_sky130/mpw5_ask-modulator_impedance-transformer/precheck_results/14_MAR_2022___00_41_25/logs/klayout_offgrid_check.total
/home/hugodg/projects_sky130/mpw5_ask-modulator_impedance-transformer/precheck_results/14_MAR_2022___00_41_25/logs/klayout_pin_label_purposes_overlapping_drawing_check.total
/home/hugodg/projects_sky130/mpw5_ask-modulator_impedance-transformer/precheck_results/14_MAR_2022___00_41_25/logs/gds.info
/home/hugodg/projects_sky130/mpw5_ask-modulator_impedance-transformer/precheck_results/14_MAR_2022___00_41_25/logs/pdks.info
/home/hugodg/projects_sky130/mpw5_ask-modulator_impedance-transformer/precheck_results/14_MAR_2022___00_41_25/logs/klayout_feol_check.total
/home/hugodg/projects_sky130/mpw5_ask-modulator_impedance-transformer/precheck_results/14_MAR_2022___00_41_25/logs/klayout_met_min_ca_density_check.total
/home/hugodg/projects_sky130/mpw5_ask-modulator_impedance-transformer/precheck_results/14_MAR_2022___00_41_25/logs/magic_drc_check.total
/home/hugodg/projects_sky130/mpw5_ask-modulator_impedance-transformer/precheck_results/12_MAR_2022___14_20_11/outputs/reports/magic_drc_check.tr
/home/hugodg/projects_sky130/mpw5_ask-modulator_impedance-transformer/precheck_results/12_MAR_2022___14_20_11/outputs/reports/magic_drc_check.drc.report
/home/hugodg/projects_sky130/mpw5_ask-modulator_impedance-transformer/precheck_results/12_MAR_2022___14_20_11/outputs/reports/magic_drc_check.tcl
/home/hugodg/projects_sky130/mpw5_ask-modulator_impedance-transformer/precheck_results/12_MAR_2022___14_20_11/logs/xor_check.total
/home/hugodg/projects_sky130/mpw5_ask-modulator_impedance-transformer/precheck_results/12_MAR_2022___14_20_11/logs/tools.info
/home/hugodg/projects_sky130/mpw5_ask-modulator_impedance-transformer/precheck_results/12_MAR_2022___14_20_11/logs/klayout_beol_check.total
/home/hugodg/projects_sky130/mpw5_ask-modulator_impedance-transformer/precheck_results/12_MAR_2022___14_20_11/logs/klayout_zeroarea_check.total
/home/hugodg/projects_sky130/mpw5_ask-modulator_impedance-transformer/precheck_results/12_MAR_2022___14_20_11/logs/klayout_offgrid_check.total
/home/hugodg/projects_sky130/mpw5_ask-modulator_impedance-transformer/precheck_results/12_MAR_2022___14_20_11/logs/klayout_pin_label_purposes_overlapping_drawing_check.total
/home/hugodg/projects_sky130/mpw5_ask-modulator_impedance-transformer/precheck_results/12_MAR_2022___14_20_11/logs/gds.info
/home/hugodg/projects_sky130/mpw5_ask-modulator_impedance-transformer/precheck_results/12_MAR_2022___14_20_11/logs/pdks.info
/home/hugodg/projects_sky130/mpw5_ask-modulator_impedance-transformer/precheck_results/12_MAR_2022___14_20_11/logs/klayout_feol_check.total
/home/hugodg/projects_sky130/mpw5_ask-modulator_impedance-transformer/precheck_results/12_MAR_2022___14_20_11/logs/klayout_met_min_ca_density_check.total
/home/hugodg/projects_sky130/mpw5_ask-modulator_impedance-transformer/precheck_results/12_MAR_2022___14_20_11/logs/magic_drc_check.total
/home/hugodg/projects_sky130/mpw5_ask-modulator_impedance-transformer/precheck_results/13_MAR_2022___03_51_03/outputs/reports/magic_drc_check.drc.report
/home/hugodg/projects_sky130/mpw5_ask-modulator_impedance-transformer/precheck_results/13_MAR_2022___03_51_03/logs/xor_check.total
/home/hugodg/projects_sky130/mpw5_ask-modulator_impedance-transformer/precheck_results/13_MAR_2022___03_51_03/logs/tools.info
/home/hugodg/projects_sky130/mpw5_ask-modulator_impedance-transformer/precheck_results/13_MAR_2022___03_51_03/logs/klayout_beol_check.total
/home/hugodg/projects_sky130/mpw5_ask-modulator_impedance-transformer/precheck_results/13_MAR_2022___03_51_03/logs/klayout_zeroarea_check.total
/home/hugodg/projects_sky130/mpw5_ask-modulator_impedance-transformer/precheck_results/13_MAR_2022___03_51_03/logs/klayout_offgrid_check.total
/home/hugodg/projects_sky130/mpw5_ask-modulator_impedance-transformer/precheck_results/13_MAR_2022___03_51_03/logs/klayout_pin_label_purposes_overlapping_drawing_check.total
/home/hugodg/projects_sky130/mpw5_ask-modulator_impedance-transformer/precheck_results/13_MAR_2022___03_51_03/logs/gds.info
/home/hugodg/projects_sky130/mpw5_ask-modulator_impedance-transformer/precheck_results/13_MAR_2022___03_51_03/logs/pdks.info
/home/hugodg/projects_sky130/mpw5_ask-modulator_impedance-transformer/precheck_results/13_MAR_2022___03_51_03/logs/klayout_feol_check.total
/home/hugodg/projects_sky130/mpw5_ask-modulator_impedance-transformer/precheck_results/13_MAR_2022___03_51_03/logs/klayout_met_min_ca_density_check.total
/home/hugodg/projects_sky130/mpw5_ask-modulator_impedance-transformer/precheck_results/13_MAR_2022___03_51_03/logs/magic_drc_check.total
/home/hugodg/projects_sky130/mpw5_ask-modulator_impedance-transformer/precheck_results/13_MAR_2022___04_02_10/outputs/reports/magic_drc_check.drc.report
/home/hugodg/projects_sky130/mpw5_ask-modulator_impedance-transformer/precheck_results/13_MAR_2022___04_02_10/logs/xor_check.total
/home/hugodg/projects_sky130/mpw5_ask-modulator_impedance-transformer/precheck_results/13_MAR_2022___04_02_10/logs/tools.info
/home/hugodg/projects_sky130/mpw5_ask-modulator_impedance-transformer/precheck_results/13_MAR_2022___04_02_10/logs/klayout_beol_check.total
/home/hugodg/projects_sky130/mpw5_ask-modulator_impedance-transformer/precheck_results/13_MAR_2022___04_02_10/logs/klayout_zeroarea_check.total
/home/hugodg/projects_sky130/mpw5_ask-modulator_impedance-transformer/precheck_results/13_MAR_2022___04_02_10/logs/klayout_offgrid_check.total
/home/hugodg/projects_sky130/mpw5_ask-modulator_impedance-transformer/precheck_results/13_MAR_2022___04_02_10/logs/klayout_pin_label_purposes_overlapping_drawing_check.total
/home/hugodg/projects_sky130/mpw5_ask-modulator_impedance-transformer/precheck_results/13_MAR_2022___04_02_10/logs/gds.info
/home/hugodg/projects_sky130/mpw5_ask-modulator_impedance-transformer/precheck_results/13_MAR_2022___04_02_10/logs/pdks.info
/home/hugodg/projects_sky130/mpw5_ask-modulator_impedance-transformer/precheck_results/13_MAR_2022___04_02_10/logs/klayout_feol_check.total
/home/hugodg/projects_sky130/mpw5_ask-modulator_impedance-transformer/precheck_results/13_MAR_2022___04_02_10/logs/klayout_met_min_ca_density_check.total
/home/hugodg/projects_sky130/mpw5_ask-modulator_impedance-transformer/precheck_results/13_MAR_2022___04_02_10/logs/magic_drc_check.total
/home/hugodg/projects_sky130/mpw5_ask-modulator_impedance-transformer/precheck_results/14_MAR_2022___00_25_52/outputs/reports/magic_drc_check.drc.report
/home/hugodg/projects_sky130/mpw5_ask-modulator_impedance-transformer/precheck_results/14_MAR_2022___00_25_52/logs/xor_check.total
/home/hugodg/projects_sky130/mpw5_ask-modulator_impedance-transformer/precheck_results/14_MAR_2022___00_25_52/logs/tools.info
/home/hugodg/projects_sky130/mpw5_ask-modulator_impedance-transformer/precheck_results/14_MAR_2022___00_25_52/logs/klayout_beol_check.total
/home/hugodg/projects_sky130/mpw5_ask-modulator_impedance-transformer/precheck_results/14_MAR_2022___00_25_52/logs/klayout_zeroarea_check.total
/home/hugodg/projects_sky130/mpw5_ask-modulator_impedance-transformer/precheck_results/14_MAR_2022___00_25_52/logs/klayout_offgrid_check.total
/home/hugodg/projects_sky130/mpw5_ask-modulator_impedance-transformer/precheck_results/14_MAR_2022___00_25_52/logs/klayout_pin_label_purposes_overlapping_drawing_check.total
/home/hugodg/projects_sky130/mpw5_ask-modulator_impedance-transformer/precheck_results/14_MAR_2022___00_25_52/logs/gds.info
/home/hugodg/projects_sky130/mpw5_ask-modulator_impedance-transformer/precheck_results/14_MAR_2022___00_25_52/logs/pdks.info
/home/hugodg/projects_sky130/mpw5_ask-modulator_impedance-transformer/precheck_results/14_MAR_2022___00_25_52/logs/klayout_feol_check.total
/home/hugodg/projects_sky130/mpw5_ask-modulator_impedance-transformer/precheck_results/14_MAR_2022___00_25_52/logs/klayout_met_min_ca_density_check.total
/home/hugodg/projects_sky130/mpw5_ask-modulator_impedance-transformer/precheck_results/14_MAR_2022___00_25_52/logs/magic_drc_check.total
/home/hugodg/projects_sky130/mpw5_ask-modulator_impedance-transformer/precheck_results/13_MAR_2022___03_35_04/outputs/reports/magic_drc_check.drc.report
/home/hugodg/projects_sky130/mpw5_ask-modulator_impedance-transformer/precheck_results/13_MAR_2022___03_35_04/logs/xor_check.total
/home/hugodg/projects_sky130/mpw5_ask-modulator_impedance-transformer/precheck_results/13_MAR_2022___03_35_04/logs/tools.info
/home/hugodg/projects_sky130/mpw5_ask-modulator_impedance-transformer/precheck_results/13_MAR_2022___03_35_04/logs/klayout_beol_check.total
/home/hugodg/projects_sky130/mpw5_ask-modulator_impedance-transformer/precheck_results/13_MAR_2022___03_35_04/logs/klayout_zeroarea_check.total
/home/hugodg/projects_sky130/mpw5_ask-modulator_impedance-transformer/precheck_results/13_MAR_2022___03_35_04/logs/klayout_offgrid_check.total
/home/hugodg/projects_sky130/mpw5_ask-modulator_impedance-transformer/precheck_results/13_MAR_2022___03_35_04/logs/klayout_pin_label_purposes_overlapping_drawing_check.total
/home/hugodg/projects_sky130/mpw5_ask-modulator_impedance-transformer/precheck_results/13_MAR_2022___03_35_04/logs/gds.info
/home/hugodg/projects_sky130/mpw5_ask-modulator_impedance-transformer/precheck_results/13_MAR_2022___03_35_04/logs/pdks.info
/home/hugodg/projects_sky130/mpw5_ask-modulator_impedance-transformer/precheck_results/13_MAR_2022___03_35_04/logs/klayout_feol_check.total
/home/hugodg/projects_sky130/mpw5_ask-modulator_impedance-transformer/precheck_results/13_MAR_2022___03_35_04/logs/klayout_met_min_ca_density_check.total
/home/hugodg/projects_sky130/mpw5_ask-modulator_impedance-transformer/precheck_results/13_MAR_2022___03_35_04/logs/magic_drc_check.total
/home/hugodg/projects_sky130/mpw5_ask-modulator_impedance-transformer/precheck_results/14_MAR_2022___02_07_29/outputs/reports/magic_drc_check.drc.report
/home/hugodg/projects_sky130/mpw5_ask-modulator_impedance-transformer/precheck_results/14_MAR_2022___02_07_29/logs/xor_check.total
/home/hugodg/projects_sky130/mpw5_ask-modulator_impedance-transformer/precheck_results/14_MAR_2022___02_07_29/logs/tools.info
/home/hugodg/projects_sky130/mpw5_ask-modulator_impedance-transformer/precheck_results/14_MAR_2022___02_07_29/logs/klayout_beol_check.total
/home/hugodg/projects_sky130/mpw5_ask-modulator_impedance-transformer/precheck_results/14_MAR_2022___02_07_29/logs/klayout_zeroarea_check.total
/home/hugodg/projects_sky130/mpw5_ask-modulator_impedance-transformer/precheck_results/14_MAR_2022___02_07_29/logs/klayout_offgrid_check.total
/home/hugodg/projects_sky130/mpw5_ask-modulator_impedance-transformer/precheck_results/14_MAR_2022___02_07_29/logs/klayout_pin_label_purposes_overlapping_drawing_check.total
/home/hugodg/projects_sky130/mpw5_ask-modulator_impedance-transformer/precheck_results/14_MAR_2022___02_07_29/logs/gds.info
/home/hugodg/projects_sky130/mpw5_ask-modulator_impedance-transformer/precheck_results/14_MAR_2022___02_07_29/logs/pdks.info
/home/hugodg/projects_sky130/mpw5_ask-modulator_impedance-transformer/precheck_results/14_MAR_2022___02_07_29/logs/klayout_feol_check.total
/home/hugodg/projects_sky130/mpw5_ask-modulator_impedance-transformer/precheck_results/14_MAR_2022___02_07_29/logs/klayout_met_min_ca_density_check.total
/home/hugodg/projects_sky130/mpw5_ask-modulator_impedance-transformer/precheck_results/14_MAR_2022___02_07_29/logs/magic_drc_check.total
/home/hugodg/projects_sky130/mpw5_ask-modulator_impedance-transformer/precheck_results/12_MAR_2022___14_11_15/outputs/reports/magic_drc_check.tr
/home/hugodg/projects_sky130/mpw5_ask-modulator_impedance-transformer/precheck_results/12_MAR_2022___14_11_15/outputs/reports/magic_drc_check.drc.report
/home/hugodg/projects_sky130/mpw5_ask-modulator_impedance-transformer/precheck_results/12_MAR_2022___14_11_15/outputs/reports/magic_drc_check.tcl
/home/hugodg/projects_sky130/mpw5_ask-modulator_impedance-transformer/precheck_results/12_MAR_2022___14_11_15/logs/xor_check.total
/home/hugodg/projects_sky130/mpw5_ask-modulator_impedance-transformer/precheck_results/12_MAR_2022___14_11_15/logs/tools.info
/home/hugodg/projects_sky130/mpw5_ask-modulator_impedance-transformer/precheck_results/12_MAR_2022___14_11_15/logs/klayout_beol_check.total
/home/hugodg/projects_sky130/mpw5_ask-modulator_impedance-transformer/precheck_results/12_MAR_2022___14_11_15/logs/klayout_zeroarea_check.total
/home/hugodg/projects_sky130/mpw5_ask-modulator_impedance-transformer/precheck_results/12_MAR_2022___14_11_15/logs/klayout_offgrid_check.total
/home/hugodg/projects_sky130/mpw5_ask-modulator_impedance-transformer/precheck_results/12_MAR_2022___14_11_15/logs/klayout_pin_label_purposes_overlapping_drawing_check.total
/home/hugodg/projects_sky130/mpw5_ask-modulator_impedance-transformer/precheck_results/12_MAR_2022___14_11_15/logs/gds.info
/home/hugodg/projects_sky130/mpw5_ask-modulator_impedance-transformer/precheck_results/12_MAR_2022___14_11_15/logs/pdks.info
/home/hugodg/projects_sky130/mpw5_ask-modulator_impedance-transformer/precheck_results/12_MAR_2022___14_11_15/logs/klayout_feol_check.total
/home/hugodg/projects_sky130/mpw5_ask-modulator_impedance-transformer/precheck_results/12_MAR_2022___14_11_15/logs/klayout_met_min_ca_density_check.total
/home/hugodg/projects_sky130/mpw5_ask-modulator_impedance-transformer/precheck_results/12_MAR_2022___14_11_15/logs/magic_drc_check.total
/home/hugodg/projects_sky130/mpw5_ask-modulator_impedance-transformer/mag/sky130_fd_pr__cap_mim_m3_2_97K3D8.ext
/home/hugodg/projects_sky130/mpw5_ask-modulator_impedance-transformer/mag/sky130_fd_pr__nfet_g5v0d10v5_PWYS4E.ext
/home/hugodg/projects_sky130/mpw5_ask-modulator_impedance-transformer/mag/ask-modulator.ext
/home/hugodg/projects_sky130/mpw5_ask-modulator_impedance-transformer/mag/l0_0.ext
/home/hugodg/projects_sky130/mpw5_ask-modulator_impedance-transformer/mag/user_analog_project_wrapper.ext
/home/hugodg/projects_sky130/mpw5_ask-modulator_impedance-transformer/mag/sky130_fd_pr__cap_mim_m3_2_4GE4YE.ext
/home/hugodg/projects_sky130/mpw5_ask-modulator_impedance-transformer/mag/impedance-transformer.ext
/home/hugodg/projects_sky130/mpw5_ask-modulator_impedance-transformer/mag/sky130_fd_pr__cap_mim_m3_2_8BWDGQ.ext
/home/hugodg/projects_sky130/mpw5_ask-modulator_impedance-transformer/mag/sky130_fd_pr__res_xhigh_po_0p35_CTQ8XN.ext
/home/hugodg/projects_sky130/mpw5_ask-modulator_impedance-transformer/mag/l0_1.ext
/home/hugodg/projects_sky130/mpw5_ask-modulator_impedance-transformer/mag/impedance-transformer/mag/l0.cif
/home/hugodg/projects_sky130/mpw5_ask-modulator_impedance-transformer/mag/impedance-transformer/mag/l1.cif
/home/hugodg/projects_sky130/mpw5_ask-modulator_impedance-transformer/mag/impedance-transformer/mag/sky130_fd_pr__cap_mim_m3_2_93FFAE.ext
/home/hugodg/projects_sky130/mpw5_ask-modulator_impedance-transformer/mag/impedance-transformer/mag/impedance-transformer.nodes
/home/hugodg/projects_sky130/mpw5_ask-modulator_impedance-transformer/mag/impedance-transformer/mag/sky130_fd_pr__cap_mim_m3_2_3YFQRG.ext
/home/hugodg/projects_sky130/mpw5_ask-modulator_impedance-transformer/mag/impedance-transformer/mag/impedance-transformer.sim
/home/hugodg/projects_sky130/mpw5_ask-modulator_impedance-transformer/mag/impedance-transformer/mag/impedance-transformer.res.ext
/home/hugodg/projects_sky130/mpw5_ask-modulator_impedance-transformer/mag/impedance-transformer/mag/sky130_fd_pr__cap_mim_m3_2_EJYTBJ.ext
/home/hugodg/projects_sky130/mpw5_ask-modulator_impedance-transformer/mag/impedance-transformer/mag/sky130_fd_pr__cap_mim_m3_2_4GE4YE.ext
/home/hugodg/projects_sky130/mpw5_ask-modulator_impedance-transformer/mag/impedance-transformer/mag/impedance-transformer.ext
/home/hugodg/projects_sky130/mpw5_ask-modulator_impedance-transformer/mag/impedance-transformer/mag/sky130_fd_pr__cap_mim_m3_2_8BWDGQ.ext
/home/hugodg/projects_sky130/mpw5_ask-modulator_impedance-transformer/mag/impedance-transformer/mag/sky130_fd_pr__cap_mim_m3_2_5MQ5FR.ext
/home/hugodg/projects_sky130/mpw5_ask-modulator_impedance-transformer/mag/ask-modulator/mag/sky130_fd_pr__cap_mim_m3_2_97K3D8.ext
/home/hugodg/projects_sky130/mpw5_ask-modulator_impedance-transformer/mag/ask-modulator/mag/sky130_fd_pr__nfet_g5v0d10v5_PWYS4E.ext
/home/hugodg/projects_sky130/mpw5_ask-modulator_impedance-transformer/mag/ask-modulator/mag/l0.cif
/home/hugodg/projects_sky130/mpw5_ask-modulator_impedance-transformer/mag/ask-modulator/mag/sky130_fd_pr__cap_mim_m3_2_9XH3MC.ext
/home/hugodg/projects_sky130/mpw5_ask-modulator_impedance-transformer/mag/ask-modulator/mag/sky130_fd_pr__cap_mim_m3_2_9Z93N8.ext
/home/hugodg/projects_sky130/mpw5_ask-modulator_impedance-transformer/mag/ask-modulator/mag/ask-modulator.ext
/home/hugodg/projects_sky130/mpw5_ask-modulator_impedance-transformer/mag/ask-modulator/mag/ask-modulator.sim
/home/hugodg/projects_sky130/mpw5_ask-modulator_impedance-transformer/mag/ask-modulator/mag/l0.ext
/home/hugodg/projects_sky130/mpw5_ask-modulator_impedance-transformer/mag/ask-modulator/mag/ask-modulator.res.ext
/home/hugodg/projects_sky130/mpw5_ask-modulator_impedance-transformer/mag/ask-modulator/mag/1.ext
/home/hugodg/projects_sky130/mpw5_ask-modulator_impedance-transformer/mag/ask-modulator/mag/sky130_fd_pr__cap_mim_m3_2_97T35S.ext
/home/hugodg/projects_sky130/mpw5_ask-modulator_impedance-transformer/mag/ask-modulator/mag/ask-modulator.nodes
/home/hugodg/projects_sky130/mpw5_ask-modulator_impedance-transformer/mag/ask-modulator/mag/check_density.tcl
/home/hugodg/projects_sky130/mpw5_ask-modulator_impedance-transformer/mag/ask-modulator/mag/sky130_fd_pr__res_xhigh_po_0p35_CTQ8XN.ext
/home/hugodg/projects_sky130/mpw5_ask-modulator_impedance-transformer/xschem/ask-modulator.sym
/home/hugodg/projects_sky130/mpw5_ask-modulator_impedance-transformer/xschem/ask-modulator.sch
/home/hugodg/projects_sky130/mpw5_ask-modulator_impedance-transformer/xschem/impedance-transformer.sch
/home/hugodg/projects_sky130/mpw5_ask-modulator_impedance-transformer/xschem/user_analog_project_wrapper.sym
/home/hugodg/projects_sky130/mpw5_ask-modulator_impedance-transformer/xschem/xschemrc
/home/hugodg/projects_sky130/mpw5_ask-modulator_impedance-transformer/xschem/.spiceinit
/home/hugodg/projects_sky130/mpw5_ask-modulator_impedance-transformer/xschem/user_analog_project_wrapper.sch
/home/hugodg/projects_sky130/mpw5_ask-modulator_impedance-transformer/xschem/impedance-transformer.sym
/home/hugodg/projects_sky130/mpw5_ask-modulator_impedance-transformer/verilog/rtl/uprj_analog_netlists.v
/home/hugodg/projects_sky130/mpw5_ask-modulator_impedance-transformer/verilog/rtl/user_analog_project_wrapper.v
/home/hugodg/projects_sky130/mpw5_ask-modulator_impedance-transformer/verilog/rtl/user_analog_proj_example.v
/home/hugodg/projects_sky130/mpw5_ask-modulator_impedance-transformer/verilog/rtl/example_por.v
/home/hugodg/projects_sky130/mpw5_ask-modulator_impedance-transformer/verilog/dv/Makefile
/home/hugodg/projects_sky130/mpw5_ask-modulator_impedance-transformer/verilog/dv/mprj_por/Makefile
/home/hugodg/projects_sky130/mpw5_ask-modulator_impedance-transformer/verilog/dv/mprj_por/mprj_por.c
/home/hugodg/projects_sky130/mpw5_ask-modulator_impedance-transformer/verilog/dv/mprj_por/mprj_por_tb.v
/home/hugodg/projects_sky130/mpw5_ask-modulator_impedance-transformer/netgen/run_lvs_por.sh
/home/hugodg/projects_sky130/mpw5_ask-modulator_impedance-transformer/netgen/run_lvs_wrapper_xschem.sh
/home/hugodg/projects_sky130/mpw5_ask-modulator_impedance-transformer/netgen/run_lvs_wrapper_verilog.sh
/home/hugodg/projects_sky130/mpw5_ask-modulator_impedance-transformer/docs/Makefile
/home/hugodg/projects_sky130/mpw5_ask-modulator_impedance-transformer/docs/environment.yml
/home/hugodg/projects_sky130/mpw5_ask-modulator_impedance-transformer/docs/source/conf.py
/home/hugodg/projects_sky130/mpw5_ask-modulator_impedance-transformer/docs/source/index.rst
/home/hugodg/projects_sky130/mpw5_ask-modulator_impedance-transformer/gds/.magicrc
